<?xml version="1.0" encoding="UTF-8"?>
<coverage generated="1510757358168" clover="3.2.0">
  <project timestamp="1510757358168" name="All files">
    <metrics statements="410" coveredstatements="410" conditionals="113" coveredconditionals="113" methods="167" coveredmethods="167" elements="690" coveredelements="690" complexity="0" loc="410" ncloc="410" packages="2" files="15" classes="15">
      <package name="src">
        <metrics statements="164" coveredstatements="164" conditionals="26" coveredconditionals="26" methods="61" coveredmethods="61"/>
        <file name="Cell.js" path="/Users/brendan/projects/sudoku/src/Cell.js">
          <metrics statements="44" coveredstatements="44" conditionals="2" coveredconditionals="2" methods="20" coveredmethods="20"/>
          <line num="3" count="1053" type="stmt"/>
          <line num="4" count="1053" type="stmt"/>
          <line num="5" count="1053" type="stmt"/>
          <line num="6" count="1053" type="stmt"/>
          <line num="7" count="1053" type="stmt"/>
          <line num="8" count="1053" type="stmt"/>
          <line num="9" count="1053" type="stmt"/>
          <line num="10" count="1053" type="stmt"/>
          <line num="11" count="1053" type="stmt"/>
          <line num="12" count="1053" type="stmt"/>
          <line num="13" count="1053" type="stmt"/>
          <line num="15" count="1053" type="stmt"/>
          <line num="19" count="21306111" type="stmt"/>
          <line num="23" count="444" type="stmt"/>
          <line num="24" count="444" type="stmt"/>
          <line num="26" count="444" type="stmt"/>
          <line num="27" count="444" type="stmt"/>
          <line num="29" count="444" type="stmt"/>
          <line num="30" count="444" type="stmt"/>
          <line num="32" count="3996" type="stmt"/>
          <line num="33" count="444" type="stmt"/>
          <line num="34" count="3996" type="stmt"/>
          <line num="35" count="3552" type="stmt"/>
          <line num="36" count="444" type="stmt"/>
          <line num="37" count="3996" type="stmt"/>
          <line num="38" count="3552" type="stmt"/>
          <line num="40" count="444" type="stmt"/>
          <line num="44" count="959985" type="stmt"/>
          <line num="48" count="959985" type="cond" truecount="2" falsecount="0"/>
          <line num="49" count="356264" type="stmt"/>
          <line num="52" count="603721" type="stmt"/>
          <line num="53" count="603721" type="stmt"/>
          <line num="54" count="443220" type="stmt"/>
          <line num="56" count="5433489" type="stmt"/>
          <line num="57" count="5433489" type="stmt"/>
          <line num="58" count="5433489" type="stmt"/>
          <line num="60" count="603721" type="stmt"/>
          <line num="62" count="4990370" type="stmt"/>
          <line num="66" count="12051" type="stmt"/>
          <line num="67" count="12051" type="stmt"/>
          <line num="68" count="12051" type="stmt"/>
          <line num="70" count="12051" type="stmt"/>
          <line num="74" count="48" type="stmt"/>
          <line num="76" count="48" type="stmt"/>
        </file>
        <file name="Column.js" path="/Users/brendan/projects/sudoku/src/Column.js">
          <metrics statements="4" coveredstatements="4" conditionals="0" coveredconditionals="0" methods="3" coveredmethods="3"/>
          <line num="5" count="117" type="stmt"/>
          <line num="6" count="117" type="stmt"/>
          <line num="7" count="117" type="stmt"/>
          <line num="12" count="591" type="stmt"/>
        </file>
        <file name="Grid.js" path="/Users/brendan/projects/sudoku/src/Grid.js">
          <metrics statements="23" coveredstatements="23" conditionals="0" coveredconditionals="0" methods="8" coveredmethods="8"/>
          <line num="8" count="13" type="stmt"/>
          <line num="9" count="13" type="stmt"/>
          <line num="10" count="13" type="stmt"/>
          <line num="11" count="13" type="stmt"/>
          <line num="12" count="13" type="stmt"/>
          <line num="14" count="13" type="stmt"/>
          <line num="15" count="117" type="stmt"/>
          <line num="16" count="117" type="stmt"/>
          <line num="17" count="117" type="stmt"/>
          <line num="20" count="13" type="stmt"/>
          <line num="24" count="13" type="stmt"/>
          <line num="25" count="13" type="stmt"/>
          <line num="26" count="13" type="stmt"/>
          <line num="28" count="13" type="stmt"/>
          <line num="29" count="117" type="stmt"/>
          <line num="32" count="13" type="stmt"/>
          <line num="33" count="117" type="stmt"/>
          <line num="34" count="1053" type="stmt"/>
          <line num="35" count="1053" type="stmt"/>
          <line num="39" count="13" type="stmt"/>
          <line num="43" count="9477" type="stmt"/>
          <line num="47" count="9477" type="stmt"/>
          <line num="51" count="9477" type="stmt"/>
        </file>
        <file name="House.js" path="/Users/brendan/projects/sudoku/src/House.js">
          <metrics statements="17" coveredstatements="17" conditionals="4" coveredconditionals="4" methods="13" coveredmethods="13"/>
          <line num="3" count="351" type="stmt"/>
          <line num="4" count="351" type="stmt"/>
          <line num="5" count="351" type="stmt"/>
          <line num="7" count="351" type="stmt"/>
          <line num="11" count="4599" type="stmt"/>
          <line num="15" count="28198" type="stmt"/>
          <line num="17" count="253782" type="stmt"/>
          <line num="21" count="1372416" type="stmt"/>
          <line num="25" count="2337417" type="stmt"/>
          <line num="29" count="289800" type="stmt"/>
          <line num="33" count="10903" type="stmt"/>
          <line num="35" count="10903" type="stmt"/>
          <line num="36" count="339039" type="cond" truecount="2" falsecount="0"/>
          <line num="37" count="65884" type="stmt"/>
          <line num="43" count="37671" type="cond" truecount="2" falsecount="0"/>
          <line num="44" count="29353" type="stmt"/>
          <line num="48" count="10903" type="stmt"/>
        </file>
        <file name="Row.js" path="/Users/brendan/projects/sudoku/src/Row.js">
          <metrics statements="4" coveredstatements="4" conditionals="0" coveredconditionals="0" methods="3" coveredmethods="3"/>
          <line num="5" count="117" type="stmt"/>
          <line num="6" count="117" type="stmt"/>
          <line num="8" count="117" type="stmt"/>
          <line num="13" count="646" type="stmt"/>
        </file>
        <file name="Solver.js" path="/Users/brendan/projects/sudoku/src/Solver.js">
          <metrics statements="29" coveredstatements="29" conditionals="6" coveredconditionals="6" methods="7" coveredmethods="7"/>
          <line num="11" count="3" type="stmt"/>
          <line num="12" count="3" type="stmt"/>
          <line num="13" count="3" type="stmt"/>
          <line num="14" count="3" type="stmt"/>
          <line num="15" count="3" type="stmt"/>
          <line num="16" count="3" type="stmt"/>
          <line num="17" count="3" type="stmt"/>
          <line num="19" count="3" type="stmt"/>
          <line num="23" count="13" type="stmt"/>
          <line num="25" count="13" type="stmt"/>
          <line num="29" count="511" type="stmt"/>
          <line num="30" count="511" type="stmt"/>
          <line num="31" count="4599" type="cond" truecount="2" falsecount="0"/>
          <line num="32" count="3204" type="stmt"/>
          <line num="36" count="511" type="stmt"/>
          <line num="42" count="508" type="stmt"/>
          <line num="43" count="827" type="stmt"/>
          <line num="44" count="827" type="cond" truecount="2" falsecount="0"/>
          <line num="45" count="495" type="stmt"/>
          <line num="51" count="13" type="stmt"/>
          <line num="52" count="13" type="stmt"/>
          <line num="54" count="13" type="cond" truecount="2" falsecount="0"/>
          <line num="55" count="495" type="stmt"/>
          <line num="56" count="495" type="stmt"/>
          <line num="57" count="495" type="stmt"/>
          <line num="60" count="13" type="stmt"/>
          <line num="64" count="495" type="stmt"/>
          <line num="66" count="495" type="stmt"/>
          <line num="70" count="90" type="stmt"/>
        </file>
        <file name="Square.js" path="/Users/brendan/projects/sudoku/src/Square.js">
          <metrics statements="4" coveredstatements="4" conditionals="0" coveredconditionals="0" methods="3" coveredmethods="3"/>
          <line num="5" count="117" type="stmt"/>
          <line num="6" count="117" type="stmt"/>
          <line num="8" count="117" type="stmt"/>
          <line num="13" count="2655" type="stmt"/>
        </file>
        <file name="isValid.js" path="/Users/brendan/projects/sudoku/src/isValid.js">
          <metrics statements="39" coveredstatements="39" conditionals="14" coveredconditionals="14" methods="4" coveredmethods="4"/>
          <line num="5" count="117" type="stmt"/>
          <line num="8" count="11" type="stmt"/>
          <line num="9" count="11" type="stmt"/>
          <line num="10" count="11" type="stmt"/>
          <line num="11" count="11" type="stmt"/>
          <line num="12" count="11" type="stmt"/>
          <line num="13" count="11" type="stmt"/>
          <line num="14" count="99" type="stmt"/>
          <line num="15" count="99" type="stmt"/>
          <line num="16" count="99" type="stmt"/>
          <line num="19" count="11" type="cond" truecount="2" falsecount="0"/>
          <line num="20" count="1" type="stmt"/>
          <line num="23" count="10" type="stmt"/>
          <line num="24" count="10" type="stmt"/>
          <line num="25" count="82" type="stmt"/>
          <line num="26" count="82" type="cond" truecount="2" falsecount="0"/>
          <line num="27" count="2" type="stmt"/>
          <line num="33" count="720" type="stmt"/>
          <line num="35" count="80" type="cond" truecount="2" falsecount="0"/>
          <line num="36" count="1" type="stmt"/>
          <line num="42" count="79" type="stmt"/>
          <line num="43" count="79" type="stmt"/>
          <line num="44" count="711" type="stmt"/>
          <line num="46" count="711" type="stmt"/>
          <line num="47" count="711" type="stmt"/>
          <line num="51" count="7" type="stmt"/>
          <line num="52" count="16" type="stmt"/>
          <line num="53" count="16" type="stmt"/>
          <line num="54" count="1080" type="stmt"/>
          <line num="56" count="120" type="cond" truecount="2" falsecount="0"/>
          <line num="57" count="117" type="stmt"/>
          <line num="58" count="117" type="cond" truecount="2" falsecount="0"/>
          <line num="59" count="3" type="stmt"/>
          <line num="67" count="13" type="cond" truecount="2" falsecount="0"/>
          <line num="68" count="1" type="stmt"/>
          <line num="75" count="3" type="stmt"/>
          <line num="77" count="3" type="cond" truecount="2" falsecount="0"/>
          <line num="78" count="1" type="stmt"/>
          <line num="81" count="2" type="stmt"/>
        </file>
      </package>
      <package name="src.strategies">
        <metrics statements="246" coveredstatements="246" conditionals="87" coveredconditionals="87" methods="106" coveredmethods="106"/>
        <file name="XYChain.js" path="/Users/brendan/projects/sudoku/src/strategies/XYChain.js">
          <metrics statements="55" coveredstatements="55" conditionals="26" coveredconditionals="26" methods="23" coveredmethods="23"/>
          <line num="1" count="3" type="cond" truecount="3" falsecount="0"/>
          <line num="2" count="4894" type="stmt"/>
          <line num="3" count="535" type="stmt"/>
          <line num="4" count="11235" type="stmt"/>
          <line num="5" count="6239" type="stmt"/>
          <line num="7" count="535" type="stmt"/>
          <line num="8" count="535" type="stmt"/>
          <line num="9" count="535" type="stmt"/>
          <line num="11" count="535" type="cond" truecount="6" falsecount="0"/>
          <line num="12" count="4" type="stmt"/>
          <line num="13" count="4" type="stmt"/>
          <line num="17" count="4894" type="stmt"/>
          <line num="18" count="9124" type="stmt"/>
          <line num="19" count="4552" type="stmt"/>
          <line num="20" count="9104" type="stmt"/>
          <line num="21" count="9104" type="stmt"/>
          <line num="23" count="4552" type="stmt"/>
          <line num="26" count="64235" type="stmt"/>
          <line num="34" count="4894" type="stmt"/>
          <line num="35" count="4894" type="stmt"/>
          <line num="37" count="4894" type="cond" truecount="4" falsecount="0"/>
          <line num="38" count="2242" type="stmt"/>
          <line num="41" count="2652" type="cond" truecount="2" falsecount="0"/>
          <line num="42" count="535" type="stmt"/>
          <line num="45" count="2117" type="cond" truecount="2" falsecount="0"/>
          <line num="46" count="1878" type="stmt"/>
          <line num="50" count="2117" type="cond" truecount="2" falsecount="0"/>
          <line num="51" count="800" type="stmt"/>
          <line num="55" count="2117" type="cond" truecount="2" falsecount="0"/>
          <line num="56" count="1874" type="stmt"/>
          <line num="60" count="2652" type="stmt"/>
          <line num="65" count="3" type="stmt"/>
          <line num="66" count="3" type="stmt"/>
          <line num="70" count="459" type="stmt"/>
          <line num="72" count="17" type="stmt"/>
          <line num="73" count="97" type="stmt"/>
          <line num="74" count="68526" type="stmt"/>
          <line num="75" count="1499" type="stmt"/>
          <line num="77" count="846" type="stmt"/>
          <line num="78" count="342" type="stmt"/>
          <line num="79" count="1239" type="stmt"/>
          <line num="80" count="4663" type="stmt"/>
          <line num="82" count="684" type="stmt"/>
          <line num="83" count="342" type="stmt"/>
          <line num="84" count="4321" type="stmt"/>
          <line num="86" count="342" type="cond" truecount="5" falsecount="0"/>
          <line num="87" count="4" type="stmt"/>
          <line num="98" count="13" type="stmt"/>
          <line num="102" count="4" type="stmt"/>
          <line num="103" count="4" type="stmt"/>
          <line num="105" count="4" type="stmt"/>
          <line num="106" count="84" type="stmt"/>
          <line num="107" count="84" type="stmt"/>
          <line num="109" count="15" type="stmt"/>
          <line num="112" count="4" type="stmt"/>
        </file>
        <file name="fish.js" path="/Users/brendan/projects/sudoku/src/strategies/fish.js">
          <metrics statements="54" coveredstatements="54" conditionals="16" coveredconditionals="16" methods="24" coveredmethods="24"/>
          <line num="1" count="3" type="stmt"/>
          <line num="2" count="165" type="stmt"/>
          <line num="3" count="13365" type="stmt"/>
          <line num="7" count="3" type="stmt"/>
          <line num="8" count="53" type="stmt"/>
          <line num="9" count="2160" type="stmt"/>
          <line num="11" count="240" type="stmt"/>
          <line num="18" count="3" type="stmt"/>
          <line num="19" count="1769" type="stmt"/>
          <line num="21" count="1769" type="stmt"/>
          <line num="22" count="20256" type="stmt"/>
          <line num="23" count="5339" type="stmt"/>
          <line num="24" count="5339" type="stmt"/>
          <line num="27" count="1769" type="stmt"/>
          <line num="30" count="3" type="stmt"/>
          <line num="31" count="46" type="stmt"/>
          <line num="32" count="3726" type="stmt"/>
          <line num="33" count="389" type="stmt"/>
          <line num="34" count="116" type="stmt"/>
          <line num="36" count="46" type="stmt"/>
          <line num="39" count="3" type="stmt"/>
          <line num="40" count="158" type="cond" truecount="2" falsecount="0"/>
          <line num="41" count="15986" type="cond" truecount="4" falsecount="0"/>
          <line num="42" count="158" type="stmt"/>
          <line num="45" count="15828" type="cond" truecount="2" falsecount="0"/>
          <line num="46" count="7914" type="cond" truecount="2" falsecount="0"/>
          <line num="47" count="1847" type="stmt"/>
          <line num="50" count="7914" type="stmt"/>
          <line num="51" count="7914" type="stmt"/>
          <line num="54" count="15828" type="stmt"/>
          <line num="57" count="158" type="stmt"/>
          <line num="62" count="3" type="stmt"/>
          <line num="63" count="3" type="stmt"/>
          <line num="67" count="20" type="stmt"/>
          <line num="68" count="165" type="stmt"/>
          <line num="70" count="165" type="cond" truecount="2" falsecount="0"/>
          <line num="71" count="53" type="stmt"/>
          <line num="73" count="240" type="stmt"/>
          <line num="78" count="53" type="stmt"/>
          <line num="79" count="714" type="stmt"/>
          <line num="82" count="158" type="stmt"/>
          <line num="84" count="158" type="stmt"/>
          <line num="85" count="1769" type="stmt"/>
          <line num="88" count="1769" type="cond" truecount="2" falsecount="0"/>
          <line num="89" count="46" type="stmt"/>
          <line num="92" count="46" type="cond" truecount="2" falsecount="0"/>
          <line num="93" count="3" type="stmt"/>
          <line num="107" count="17" type="stmt"/>
          <line num="111" count="3" type="stmt"/>
          <line num="112" count="243" type="stmt"/>
          <line num="113" count="52" type="stmt"/>
          <line num="114" count="27" type="stmt"/>
          <line num="116" count="6" type="stmt"/>
          <line num="119" count="3" type="stmt"/>
        </file>
        <file name="hidden.js" path="/Users/brendan/projects/sudoku/src/strategies/hidden.js">
          <metrics statements="34" coveredstatements="34" conditionals="14" coveredconditionals="14" methods="14" coveredmethods="14"/>
          <line num="1" count="3" type="stmt"/>
          <line num="2" count="239" type="stmt"/>
          <line num="3" count="101" type="stmt"/>
          <line num="6" count="3" type="stmt"/>
          <line num="7" count="1060" type="cond" truecount="2" falsecount="0"/>
          <line num="8" count="174796" type="cond" truecount="4" falsecount="0"/>
          <line num="9" count="1060" type="stmt"/>
          <line num="12" count="173736" type="cond" truecount="2" falsecount="0"/>
          <line num="13" count="86868" type="cond" truecount="2" falsecount="0"/>
          <line num="14" count="20299" type="stmt"/>
          <line num="17" count="86868" type="stmt"/>
          <line num="18" count="86868" type="stmt"/>
          <line num="21" count="173736" type="stmt"/>
          <line num="24" count="1060" type="stmt"/>
          <line num="29" count="3" type="stmt"/>
          <line num="30" count="3" type="stmt"/>
          <line num="35" count="41" type="stmt"/>
          <line num="36" count="3240" type="stmt"/>
          <line num="38" count="120" type="stmt"/>
          <line num="39" count="1060" type="stmt"/>
          <line num="41" count="1060" type="stmt"/>
          <line num="42" count="20154" type="stmt"/>
          <line num="43" count="263083" type="stmt"/>
          <line num="46" count="20154" type="cond" truecount="2" falsecount="0"/>
          <line num="47" count="101" type="cond" truecount="2" falsecount="0"/>
          <line num="48" count="13" type="stmt"/>
          <line num="49" count="4" type="stmt"/>
          <line num="51" count="4" type="stmt"/>
          <line num="64" count="37" type="stmt"/>
          <line num="68" count="36" type="stmt"/>
          <line num="69" count="13" type="stmt"/>
          <line num="70" count="65" type="stmt"/>
          <line num="72" count="13" type="stmt"/>
          <line num="75" count="4" type="stmt"/>
        </file>
        <file name="hiddenSingle.js" path="/Users/brendan/projects/sudoku/src/strategies/hiddenSingle.js">
          <metrics statements="10" coveredstatements="10" conditionals="2" coveredconditionals="2" methods="5" coveredmethods="5"/>
          <line num="3" count="3" type="stmt"/>
          <line num="4" count="3" type="stmt"/>
          <line num="9" count="3780" type="stmt"/>
          <line num="11" count="140" type="stmt"/>
          <line num="12" count="1866" type="stmt"/>
          <line num="13" count="79794" type="stmt"/>
          <line num="15" count="8866" type="cond" truecount="2" falsecount="0"/>
          <line num="16" count="76" type="stmt"/>
          <line num="26" count="64" type="stmt"/>
          <line num="30" count="76" type="stmt"/>
        </file>
        <file name="lockedCandidate.js" path="/Users/brendan/projects/sudoku/src/strategies/lockedCandidate.js">
          <metrics statements="40" coveredstatements="40" conditionals="19" coveredconditionals="19" methods="15" coveredmethods="15"/>
          <line num="7" count="3" type="stmt"/>
          <line num="8" count="3" type="stmt"/>
          <line num="12" count="999" type="stmt"/>
          <line num="14" count="37" type="stmt"/>
          <line num="15" count="374" type="cond" truecount="3" falsecount="0"/>
          <line num="18" count="293" type="stmt"/>
          <line num="19" count="10251" type="stmt"/>
          <line num="21" count="1139" type="cond" truecount="2" falsecount="0"/>
          <line num="22" count="1121" type="cond" truecount="2" falsecount="0"/>
          <line num="23" count="241" type="stmt"/>
          <line num="24" count="2169" type="stmt"/>
          <line num="26" count="241" type="cond" truecount="2" falsecount="0"/>
          <line num="27" count="15" type="stmt"/>
          <line num="28" count="33" type="stmt"/>
          <line num="29" count="15" type="stmt"/>
          <line num="40" count="278" type="stmt"/>
          <line num="43" count="81" type="stmt"/>
          <line num="44" count="2637" type="stmt"/>
          <line num="46" count="293" type="cond" truecount="2" falsecount="0"/>
          <line num="47" count="284" type="cond" truecount="2" falsecount="0"/>
          <line num="48" count="61" type="stmt"/>
          <line num="49" count="549" type="stmt"/>
          <line num="51" count="61" type="cond" truecount="2" falsecount="0"/>
          <line num="52" count="1" type="stmt"/>
          <line num="53" count="2" type="stmt"/>
          <line num="54" count="1" type="stmt"/>
          <line num="64" count="283" type="cond" truecount="2" falsecount="0"/>
          <line num="65" count="69" type="stmt"/>
          <line num="66" count="621" type="stmt"/>
          <line num="68" count="69" type="cond" truecount="2" falsecount="0"/>
          <line num="69" count="1" type="stmt"/>
          <line num="70" count="2" type="stmt"/>
          <line num="71" count="1" type="stmt"/>
          <line num="83" count="79" type="stmt"/>
          <line num="87" count="20" type="stmt"/>
          <line num="91" count="17" type="stmt"/>
          <line num="92" count="153" type="stmt"/>
          <line num="93" count="116" type="stmt"/>
          <line num="95" count="27" type="stmt"/>
          <line num="98" count="17" type="stmt"/>
        </file>
        <file name="naked.js" path="/Users/brendan/projects/sudoku/src/strategies/naked.js">
          <metrics statements="27" coveredstatements="27" conditionals="4" coveredconditionals="4" methods="15" coveredmethods="15"/>
          <line num="1" count="3" type="stmt"/>
          <line num="2" count="336" type="stmt"/>
          <line num="3" count="3024" type="stmt"/>
          <line num="4" count="2277" type="stmt"/>
          <line num="6" count="336" type="stmt"/>
          <line num="9" count="3" type="stmt"/>
          <line num="10" count="313" type="stmt"/>
          <line num="15" count="3" type="stmt"/>
          <line num="16" count="3" type="stmt"/>
          <line num="22" count="64" type="stmt"/>
          <line num="23" count="4185" type="stmt"/>
          <line num="25" count="155" type="stmt"/>
          <line num="26" count="1946" type="stmt"/>
          <line num="27" count="17514" type="stmt"/>
          <line num="28" count="12132" type="stmt"/>
          <line num="30" count="1946" type="stmt"/>
          <line num="31" count="12046" type="stmt"/>
          <line num="32" count="83932" type="stmt"/>
          <line num="35" count="12046" type="cond" truecount="2" falsecount="0"/>
          <line num="36" count="692" type="stmt"/>
          <line num="37" count="313" type="stmt"/>
          <line num="39" count="313" type="cond" truecount="2" falsecount="0"/>
          <line num="40" count="23" type="stmt"/>
          <line num="53" count="41" type="stmt"/>
          <line num="57" count="23" type="stmt"/>
          <line num="58" count="54" type="stmt"/>
          <line num="61" count="23" type="stmt"/>
        </file>
        <file name="nakedSingle.js" path="/Users/brendan/projects/sudoku/src/strategies/nakedSingle.js">
          <metrics statements="26" coveredstatements="26" conditionals="6" coveredconditionals="6" methods="10" coveredmethods="10"/>
          <line num="1" count="3" type="stmt"/>
          <line num="2" count="368" type="stmt"/>
          <line num="5" count="368" type="stmt"/>
          <line num="6" count="876" type="stmt"/>
          <line num="7" count="876" type="stmt"/>
          <line num="9" count="7884" type="cond" truecount="2" falsecount="0"/>
          <line num="10" count="1575" type="stmt"/>
          <line num="11" count="175" type="stmt"/>
          <line num="16" count="193" type="stmt"/>
          <line num="18" count="193" type="stmt"/>
          <line num="19" count="1737" type="stmt"/>
          <line num="20" count="36477" type="stmt"/>
          <line num="21" count="2554" type="stmt"/>
          <line num="24" count="1737" type="cond" truecount="2" falsecount="0"/>
          <line num="25" count="1495" type="stmt"/>
          <line num="29" count="193" type="stmt"/>
          <line num="34" count="3" type="stmt"/>
          <line num="35" count="3" type="stmt"/>
          <line num="39" count="41148" type="stmt"/>
          <line num="41" count="508" type="cond" truecount="2" falsecount="0"/>
          <line num="42" count="368" type="stmt"/>
          <line num="43" count="368" type="stmt"/>
          <line num="44" count="368" type="stmt"/>
          <line num="46" count="368" type="stmt"/>
          <line num="49" count="140" type="stmt"/>
          <line num="53" count="368" type="stmt"/>
        </file>
      </package>
    </metrics>
  </project>
</coverage>
