{"/Users/brendan/projects/sudoku/src/Cell.js": {"path":"/Users/brendan/projects/sudoku/src/Cell.js","statementMap":{"0":{"start":{"line":3,"column":8},"end":{"line":3,"column":35}},"1":{"start":{"line":4,"column":8},"end":{"line":4,"column":25}},"2":{"start":{"line":5,"column":8},"end":{"line":5,"column":25}},"3":{"start":{"line":6,"column":8},"end":{"line":6,"column":31}},"4":{"start":{"line":7,"column":8},"end":{"line":7,"column":29}},"5":{"start":{"line":8,"column":8},"end":{"line":8,"column":73}},"6":{"start":{"line":9,"column":8},"end":{"line":9,"column":34}},"7":{"start":{"line":10,"column":8},"end":{"line":10,"column":28}},"8":{"start":{"line":11,"column":8},"end":{"line":11,"column":40}},"9":{"start":{"line":12,"column":8},"end":{"line":12,"column":46}},"10":{"start":{"line":13,"column":8},"end":{"line":13,"column":46}},"11":{"start":{"line":15,"column":8},"end":{"line":15,"column":20}},"12":{"start":{"line":19,"column":8},"end":{"line":19,"column":27}},"13":{"start":{"line":23,"column":8},"end":{"line":23,"column":50}},"14":{"start":{"line":24,"column":8},"end":{"line":24,"column":55}},"15":{"start":{"line":26,"column":8},"end":{"line":26,"column":56}},"16":{"start":{"line":27,"column":8},"end":{"line":27,"column":61}},"17":{"start":{"line":29,"column":8},"end":{"line":29,"column":56}},"18":{"start":{"line":30,"column":8},"end":{"line":30,"column":61}},"19":{"start":{"line":32,"column":8},"end":{"line":32,"column":116}},"20":{"start":{"line":32,"column":52},"end":{"line":32,"column":68}},"21":{"start":{"line":32,"column":83},"end":{"line":32,"column":114}},"22":{"start":{"line":33,"column":8},"end":{"line":35,"column":59}},"23":{"start":{"line":34,"column":25},"end":{"line":34,"column":41}},"24":{"start":{"line":35,"column":26},"end":{"line":35,"column":57}},"25":{"start":{"line":36,"column":8},"end":{"line":38,"column":59}},"26":{"start":{"line":37,"column":25},"end":{"line":37,"column":41}},"27":{"start":{"line":38,"column":26},"end":{"line":38,"column":57}},"28":{"start":{"line":40,"column":8},"end":{"line":40,"column":28}},"29":{"start":{"line":44,"column":8},"end":{"line":44,"column":39}},"30":{"start":{"line":48,"column":8},"end":{"line":50,"column":9}},"31":{"start":{"line":49,"column":12},"end":{"line":49,"column":29}},"32":{"start":{"line":52,"column":24},"end":{"line":52,"column":60}},"33":{"start":{"line":53,"column":8},"end":{"line":55,"column":9}},"34":{"start":{"line":54,"column":12},"end":{"line":54,"column":54}},"35":{"start":{"line":56,"column":16},"end":{"line":56,"column":92}},"36":{"start":{"line":56,"column":63},"end":{"line":56,"column":70}},"37":{"start":{"line":56,"column":84},"end":{"line":56,"column":91}},"38":{"start":{"line":57,"column":16},"end":{"line":57,"column":86}},"39":{"start":{"line":57,"column":57},"end":{"line":57,"column":64}},"40":{"start":{"line":57,"column":78},"end":{"line":57,"column":85}},"41":{"start":{"line":58,"column":16},"end":{"line":58,"column":92}},"42":{"start":{"line":58,"column":63},"end":{"line":58,"column":70}},"43":{"start":{"line":58,"column":84},"end":{"line":58,"column":91}},"44":{"start":{"line":60,"column":19},"end":{"line":60,"column":49}},"45":{"start":{"line":62,"column":8},"end":{"line":62,"column":65}},"46":{"start":{"line":62,"column":50},"end":{"line":62,"column":62}},"47":{"start":{"line":66,"column":16},"end":{"line":66,"column":53}},"48":{"start":{"line":67,"column":16},"end":{"line":67,"column":47}},"49":{"start":{"line":68,"column":16},"end":{"line":68,"column":53}},"50":{"start":{"line":70,"column":8},"end":{"line":70,"column":46}},"51":{"start":{"line":74,"column":8},"end":{"line":74,"column":41}},"52":{"start":{"line":76,"column":8},"end":{"line":76,"column":36}}},"fnMap":{"0":{"name":"(anonymous_0)","decl":{"start":{"line":2,"column":4},"end":{"line":2,"column":5}},"loc":{"start":{"line":2,"column":50},"end":{"line":16,"column":5}},"line":2},"1":{"name":"(anonymous_1)","decl":{"start":{"line":18,"column":4},"end":{"line":18,"column":5}},"loc":{"start":{"line":18,"column":16},"end":{"line":20,"column":5}},"line":18},"2":{"name":"(anonymous_2)","decl":{"start":{"line":22,"column":4},"end":{"line":22,"column":5}},"loc":{"start":{"line":22,"column":21},"end":{"line":41,"column":5}},"line":22},"3":{"name":"(anonymous_3)","decl":{"start":{"line":32,"column":47},"end":{"line":32,"column":48}},"loc":{"start":{"line":32,"column":52},"end":{"line":32,"column":68}},"line":32},"4":{"name":"(anonymous_4)","decl":{"start":{"line":32,"column":78},"end":{"line":32,"column":79}},"loc":{"start":{"line":32,"column":83},"end":{"line":32,"column":114}},"line":32},"5":{"name":"(anonymous_5)","decl":{"start":{"line":34,"column":20},"end":{"line":34,"column":21}},"loc":{"start":{"line":34,"column":25},"end":{"line":34,"column":41}},"line":34},"6":{"name":"(anonymous_6)","decl":{"start":{"line":35,"column":21},"end":{"line":35,"column":22}},"loc":{"start":{"line":35,"column":26},"end":{"line":35,"column":57}},"line":35},"7":{"name":"(anonymous_7)","decl":{"start":{"line":37,"column":20},"end":{"line":37,"column":21}},"loc":{"start":{"line":37,"column":25},"end":{"line":37,"column":41}},"line":37},"8":{"name":"(anonymous_8)","decl":{"start":{"line":38,"column":21},"end":{"line":38,"column":22}},"loc":{"start":{"line":38,"column":26},"end":{"line":38,"column":57}},"line":38},"9":{"name":"(anonymous_9)","decl":{"start":{"line":43,"column":4},"end":{"line":43,"column":5}},"loc":{"start":{"line":43,"column":24},"end":{"line":45,"column":5}},"line":43},"10":{"name":"(anonymous_10)","decl":{"start":{"line":47,"column":4},"end":{"line":47,"column":5}},"loc":{"start":{"line":47,"column":23},"end":{"line":63,"column":5}},"line":47},"11":{"name":"(anonymous_11)","decl":{"start":{"line":56,"column":58},"end":{"line":56,"column":59}},"loc":{"start":{"line":56,"column":63},"end":{"line":56,"column":70}},"line":56},"12":{"name":"(anonymous_12)","decl":{"start":{"line":56,"column":79},"end":{"line":56,"column":80}},"loc":{"start":{"line":56,"column":84},"end":{"line":56,"column":91}},"line":56},"13":{"name":"(anonymous_13)","decl":{"start":{"line":57,"column":52},"end":{"line":57,"column":53}},"loc":{"start":{"line":57,"column":57},"end":{"line":57,"column":64}},"line":57},"14":{"name":"(anonymous_14)","decl":{"start":{"line":57,"column":73},"end":{"line":57,"column":74}},"loc":{"start":{"line":57,"column":78},"end":{"line":57,"column":85}},"line":57},"15":{"name":"(anonymous_15)","decl":{"start":{"line":58,"column":58},"end":{"line":58,"column":59}},"loc":{"start":{"line":58,"column":63},"end":{"line":58,"column":70}},"line":58},"16":{"name":"(anonymous_16)","decl":{"start":{"line":58,"column":79},"end":{"line":58,"column":80}},"loc":{"start":{"line":58,"column":84},"end":{"line":58,"column":91}},"line":58},"17":{"name":"(anonymous_17)","decl":{"start":{"line":62,"column":45},"end":{"line":62,"column":46}},"loc":{"start":{"line":62,"column":50},"end":{"line":62,"column":62}},"line":62},"18":{"name":"(anonymous_18)","decl":{"start":{"line":65,"column":4},"end":{"line":65,"column":5}},"loc":{"start":{"line":65,"column":17},"end":{"line":71,"column":5}},"line":65},"19":{"name":"(anonymous_19)","decl":{"start":{"line":73,"column":4},"end":{"line":73,"column":5}},"loc":{"start":{"line":73,"column":32},"end":{"line":77,"column":5}},"line":73}},"branchMap":{"0":{"loc":{"start":{"line":48,"column":8},"end":{"line":50,"column":9}},"type":"if","locations":[{"start":{"line":48,"column":8},"end":{"line":50,"column":9}},{"start":{"line":48,"column":8},"end":{"line":50,"column":9}}],"line":48}},"s":{"0":1053,"1":1053,"2":1053,"3":1053,"4":1053,"5":1053,"6":1053,"7":1053,"8":1053,"9":1053,"10":1053,"11":1053,"12":21306111,"13":444,"14":444,"15":444,"16":444,"17":444,"18":444,"19":444,"20":3996,"21":3552,"22":444,"23":3996,"24":3552,"25":444,"26":3996,"27":3552,"28":444,"29":959985,"30":959985,"31":356264,"32":603721,"33":603721,"34":443220,"35":603721,"36":5433489,"37":5433489,"38":603721,"39":5433489,"40":5433489,"41":603721,"42":5433489,"43":5433489,"44":603721,"45":603721,"46":4990370,"47":12051,"48":12051,"49":12051,"50":12051,"51":48,"52":48},"f":{"0":1053,"1":21306111,"2":444,"3":3996,"4":3552,"5":3996,"6":3552,"7":3996,"8":3552,"9":959985,"10":959985,"11":5433489,"12":5433489,"13":5433489,"14":5433489,"15":5433489,"16":5433489,"17":4990370,"18":12051,"19":48},"b":{"0":[356264,603721]},"_coverageSchema":"332fd63041d2c1bcb487cc26dd0d5f7d97098a6c","hash":"35574d59e65988c04430e3fecf85bdb6e1cb12c2"}
,"/Users/brendan/projects/sudoku/src/Column.js": {"path":"/Users/brendan/projects/sudoku/src/Column.js","statementMap":{"0":{"start":{"line":5,"column":8},"end":{"line":5,"column":31}},"1":{"start":{"line":6,"column":8},"end":{"line":6,"column":29}},"2":{"start":{"line":7,"column":8},"end":{"line":7,"column":20}},"3":{"start":{"line":12,"column":4},"end":{"line":12,"column":66}},"4":{"start":{"line":12,"column":36},"end":{"line":12,"column":64}}},"fnMap":{"0":{"name":"(anonymous_0)","decl":{"start":{"line":4,"column":4},"end":{"line":4,"column":5}},"loc":{"start":{"line":4,"column":33},"end":{"line":8,"column":5}},"line":4},"1":{"name":"isColumn","decl":{"start":{"line":11,"column":16},"end":{"line":11,"column":24}},"loc":{"start":{"line":11,"column":32},"end":{"line":13,"column":1}},"line":11},"2":{"name":"(anonymous_2)","decl":{"start":{"line":12,"column":23},"end":{"line":12,"column":24}},"loc":{"start":{"line":12,"column":36},"end":{"line":12,"column":64}},"line":12}},"branchMap":{},"s":{"0":117,"1":117,"2":117,"3":283,"4":591},"f":{"0":117,"1":283,"2":591},"b":{},"_coverageSchema":"332fd63041d2c1bcb487cc26dd0d5f7d97098a6c","hash":"4bc0148f0fca12262a2437a3642c868ddeb0afb2"}
,"/Users/brendan/projects/sudoku/src/Grid.js": {"path":"/Users/brendan/projects/sudoku/src/Grid.js","statementMap":{"0":{"start":{"line":8,"column":8},"end":{"line":8,"column":44}},"1":{"start":{"line":9,"column":8},"end":{"line":9,"column":25}},"2":{"start":{"line":10,"column":8},"end":{"line":10,"column":22}},"3":{"start":{"line":11,"column":8},"end":{"line":11,"column":25}},"4":{"start":{"line":12,"column":8},"end":{"line":12,"column":24}},"5":{"start":{"line":14,"column":8},"end":{"line":18,"column":9}},"6":{"start":{"line":15,"column":12},"end":{"line":15,"column":60}},"7":{"start":{"line":16,"column":12},"end":{"line":16,"column":69}},"8":{"start":{"line":17,"column":12},"end":{"line":17,"column":69}},"9":{"start":{"line":20,"column":8},"end":{"line":20,"column":69}},"10":{"start":{"line":24,"column":20},"end":{"line":24,"column":22}},"11":{"start":{"line":25,"column":19},"end":{"line":25,"column":40}},"12":{"start":{"line":26,"column":25},"end":{"line":26,"column":27}},"13":{"start":{"line":28,"column":8},"end":{"line":30,"column":9}},"14":{"start":{"line":29,"column":12},"end":{"line":29,"column":58}},"15":{"start":{"line":32,"column":8},"end":{"line":37,"column":9}},"16":{"start":{"line":33,"column":12},"end":{"line":36,"column":13}},"17":{"start":{"line":34,"column":29},"end":{"line":34,"column":47}},"18":{"start":{"line":35,"column":16},"end":{"line":35,"column":75}},"19":{"start":{"line":39,"column":8},"end":{"line":39,"column":21}},"20":{"start":{"line":43,"column":8},"end":{"line":43,"column":57}},"21":{"start":{"line":43,"column":38},"end":{"line":43,"column":55}},"22":{"start":{"line":47,"column":8},"end":{"line":47,"column":54}},"23":{"start":{"line":47,"column":38},"end":{"line":47,"column":52}},"24":{"start":{"line":51,"column":8},"end":{"line":51,"column":57}},"25":{"start":{"line":51,"column":38},"end":{"line":51,"column":55}}},"fnMap":{"0":{"name":"(anonymous_0)","decl":{"start":{"line":7,"column":4},"end":{"line":7,"column":5}},"loc":{"start":{"line":7,"column":22},"end":{"line":21,"column":5}},"line":7},"1":{"name":"(anonymous_1)","decl":{"start":{"line":23,"column":4},"end":{"line":23,"column":5}},"loc":{"start":{"line":23,"column":22},"end":{"line":40,"column":5}},"line":23},"2":{"name":"(anonymous_2)","decl":{"start":{"line":42,"column":4},"end":{"line":42,"column":5}},"loc":{"start":{"line":42,"column":18},"end":{"line":44,"column":5}},"line":42},"3":{"name":"(anonymous_3)","decl":{"start":{"line":43,"column":33},"end":{"line":43,"column":34}},"loc":{"start":{"line":43,"column":38},"end":{"line":43,"column":55}},"line":43},"4":{"name":"(anonymous_4)","decl":{"start":{"line":46,"column":4},"end":{"line":46,"column":5}},"loc":{"start":{"line":46,"column":15},"end":{"line":48,"column":5}},"line":46},"5":{"name":"(anonymous_5)","decl":{"start":{"line":47,"column":33},"end":{"line":47,"column":34}},"loc":{"start":{"line":47,"column":38},"end":{"line":47,"column":52}},"line":47},"6":{"name":"(anonymous_6)","decl":{"start":{"line":50,"column":4},"end":{"line":50,"column":5}},"loc":{"start":{"line":50,"column":18},"end":{"line":52,"column":5}},"line":50},"7":{"name":"(anonymous_7)","decl":{"start":{"line":51,"column":33},"end":{"line":51,"column":34}},"loc":{"start":{"line":51,"column":38},"end":{"line":51,"column":55}},"line":51}},"branchMap":{},"s":{"0":13,"1":13,"2":13,"3":13,"4":13,"5":13,"6":117,"7":117,"8":117,"9":13,"10":13,"11":13,"12":13,"13":13,"14":117,"15":13,"16":117,"17":1053,"18":1053,"19":13,"20":117,"21":9477,"22":117,"23":9477,"24":117,"25":9477},"f":{"0":13,"1":13,"2":117,"3":9477,"4":117,"5":9477,"6":117,"7":9477},"b":{},"_coverageSchema":"332fd63041d2c1bcb487cc26dd0d5f7d97098a6c","hash":"c210655e64baa0063893c5ce9745ac59dce90d4a"}
,"/Users/brendan/projects/sudoku/src/House.js": {"path":"/Users/brendan/projects/sudoku/src/House.js","statementMap":{"0":{"start":{"line":3,"column":8},"end":{"line":3,"column":21}},"1":{"start":{"line":4,"column":8},"end":{"line":4,"column":27}},"2":{"start":{"line":5,"column":8},"end":{"line":5,"column":25}},"3":{"start":{"line":7,"column":8},"end":{"line":7,"column":20}},"4":{"start":{"line":11,"column":8},"end":{"line":11,"column":43}},"5":{"start":{"line":15,"column":22},"end":{"line":15,"column":49}},"6":{"start":{"line":17,"column":8},"end":{"line":17,"column":63}},"7":{"start":{"line":17,"column":43},"end":{"line":17,"column":60}},"8":{"start":{"line":21,"column":8},"end":{"line":21,"column":63}},"9":{"start":{"line":21,"column":50},"end":{"line":21,"column":60}},"10":{"start":{"line":25,"column":8},"end":{"line":25,"column":53}},"11":{"start":{"line":25,"column":38},"end":{"line":25,"column":51}},"12":{"start":{"line":29,"column":8},"end":{"line":29,"column":53}},"13":{"start":{"line":29,"column":38},"end":{"line":29,"column":51}},"14":{"start":{"line":33,"column":20},"end":{"line":33,"column":22}},"15":{"start":{"line":35,"column":8},"end":{"line":46,"column":9}},"16":{"start":{"line":36,"column":29},"end":{"line":41,"column":14}},"17":{"start":{"line":36,"column":52},"end":{"line":36,"column":108}},"18":{"start":{"line":37,"column":16},"end":{"line":40,"column":18}},"19":{"start":{"line":43,"column":12},"end":{"line":45,"column":13}},"20":{"start":{"line":44,"column":16},"end":{"line":44,"column":42}},"21":{"start":{"line":48,"column":8},"end":{"line":48,"column":21}}},"fnMap":{"0":{"name":"(anonymous_0)","decl":{"start":{"line":2,"column":4},"end":{"line":2,"column":5}},"loc":{"start":{"line":2,"column":33},"end":{"line":8,"column":5}},"line":2},"1":{"name":"(anonymous_1)","decl":{"start":{"line":10,"column":4},"end":{"line":10,"column":5}},"loc":{"start":{"line":10,"column":19},"end":{"line":12,"column":5}},"line":10},"2":{"name":"(anonymous_2)","decl":{"start":{"line":14,"column":4},"end":{"line":14,"column":5}},"loc":{"start":{"line":14,"column":17},"end":{"line":18,"column":5}},"line":14},"3":{"name":"(anonymous_3)","decl":{"start":{"line":17,"column":38},"end":{"line":17,"column":39}},"loc":{"start":{"line":17,"column":43},"end":{"line":17,"column":60}},"line":17},"4":{"name":"(anonymous_4)","decl":{"start":{"line":20,"column":4},"end":{"line":20,"column":5}},"loc":{"start":{"line":20,"column":15},"end":{"line":22,"column":5}},"line":20},"5":{"name":"(anonymous_5)","decl":{"start":{"line":21,"column":42},"end":{"line":21,"column":43}},"loc":{"start":{"line":21,"column":50},"end":{"line":21,"column":60}},"line":21},"6":{"name":"(anonymous_6)","decl":{"start":{"line":24,"column":4},"end":{"line":24,"column":5}},"loc":{"start":{"line":24,"column":20},"end":{"line":26,"column":5}},"line":24},"7":{"name":"(anonymous_7)","decl":{"start":{"line":25,"column":33},"end":{"line":25,"column":34}},"loc":{"start":{"line":25,"column":38},"end":{"line":25,"column":51}},"line":25},"8":{"name":"(anonymous_8)","decl":{"start":{"line":28,"column":4},"end":{"line":28,"column":5}},"loc":{"start":{"line":28,"column":22},"end":{"line":30,"column":5}},"line":28},"9":{"name":"(anonymous_9)","decl":{"start":{"line":29,"column":33},"end":{"line":29,"column":34}},"loc":{"start":{"line":29,"column":38},"end":{"line":29,"column":51}},"line":29},"10":{"name":"(anonymous_10)","decl":{"start":{"line":32,"column":4},"end":{"line":32,"column":5}},"loc":{"start":{"line":32,"column":16},"end":{"line":49,"column":5}},"line":32},"11":{"name":"(anonymous_11)","decl":{"start":{"line":36,"column":47},"end":{"line":36,"column":48}},"loc":{"start":{"line":36,"column":52},"end":{"line":36,"column":108}},"line":36},"12":{"name":"(anonymous_12)","decl":{"start":{"line":36,"column":114},"end":{"line":36,"column":115}},"loc":{"start":{"line":36,"column":119},"end":{"line":41,"column":13}},"line":36}},"branchMap":{"0":{"loc":{"start":{"line":36,"column":52},"end":{"line":36,"column":108}},"type":"binary-expr","locations":[{"start":{"line":36,"column":52},"end":{"line":36,"column":78}},{"start":{"line":36,"column":82},"end":{"line":36,"column":108}}],"line":36},"1":{"loc":{"start":{"line":43,"column":12},"end":{"line":45,"column":13}},"type":"if","locations":[{"start":{"line":43,"column":12},"end":{"line":45,"column":13}},{"start":{"line":43,"column":12},"end":{"line":45,"column":13}}],"line":43}},"s":{"0":351,"1":351,"2":351,"3":351,"4":4599,"5":28198,"6":28198,"7":253782,"8":255114,"9":1372416,"10":259713,"11":2337417,"12":32200,"13":289800,"14":10903,"15":10903,"16":37671,"17":339039,"18":65884,"19":37671,"20":29353,"21":10903},"f":{"0":351,"1":4599,"2":28198,"3":253782,"4":255114,"5":1372416,"6":259713,"7":2337417,"8":32200,"9":289800,"10":10903,"11":339039,"12":65884},"b":{"0":[339039,81666],"1":[29353,8318]},"_coverageSchema":"332fd63041d2c1bcb487cc26dd0d5f7d97098a6c","hash":"0b6b315d57fa6778a124de23f71917c21d21c11d"}
,"/Users/brendan/projects/sudoku/src/Row.js": {"path":"/Users/brendan/projects/sudoku/src/Row.js","statementMap":{"0":{"start":{"line":5,"column":8},"end":{"line":5,"column":31}},"1":{"start":{"line":6,"column":8},"end":{"line":6,"column":26}},"2":{"start":{"line":8,"column":8},"end":{"line":8,"column":20}},"3":{"start":{"line":13,"column":4},"end":{"line":13,"column":60}},"4":{"start":{"line":13,"column":36},"end":{"line":13,"column":58}}},"fnMap":{"0":{"name":"(anonymous_0)","decl":{"start":{"line":4,"column":4},"end":{"line":4,"column":5}},"loc":{"start":{"line":4,"column":33},"end":{"line":9,"column":5}},"line":4},"1":{"name":"isRow","decl":{"start":{"line":12,"column":16},"end":{"line":12,"column":21}},"loc":{"start":{"line":12,"column":29},"end":{"line":14,"column":1}},"line":12},"2":{"name":"(anonymous_2)","decl":{"start":{"line":13,"column":23},"end":{"line":13,"column":24}},"loc":{"start":{"line":13,"column":36},"end":{"line":13,"column":58}},"line":13}},"branchMap":{},"s":{"0":117,"1":117,"2":117,"3":284,"4":646},"f":{"0":117,"1":284,"2":646},"b":{},"_coverageSchema":"332fd63041d2c1bcb487cc26dd0d5f7d97098a6c","hash":"5a44b914496f87b533cb3bb201743916a188186f"}
,"/Users/brendan/projects/sudoku/src/Solver.js": {"path":"/Users/brendan/projects/sudoku/src/Solver.js","statementMap":{"0":{"start":{"line":11,"column":11},"end":{"line":11,"column":28}},"1":{"start":{"line":12,"column":11},"end":{"line":12,"column":29}},"2":{"start":{"line":13,"column":10},"end":{"line":13,"column":21}},"3":{"start":{"line":14,"column":10},"end":{"line":14,"column":22}},"4":{"start":{"line":15,"column":11},"end":{"line":15,"column":32}},"5":{"start":{"line":16,"column":10},"end":{"line":16,"column":20}},"6":{"start":{"line":17,"column":11},"end":{"line":17,"column":24}},"7":{"start":{"line":19,"column":19},"end":{"line":19,"column":44}},"8":{"start":{"line":23,"column":8},"end":{"line":23,"column":35}},"9":{"start":{"line":25,"column":8},"end":{"line":25,"column":20}},"10":{"start":{"line":29,"column":23},"end":{"line":29,"column":27}},"11":{"start":{"line":30,"column":8},"end":{"line":34,"column":9}},"12":{"start":{"line":31,"column":12},"end":{"line":33,"column":13}},"13":{"start":{"line":32,"column":16},"end":{"line":32,"column":33}},"14":{"start":{"line":36,"column":8},"end":{"line":36,"column":24}},"15":{"start":{"line":42,"column":8},"end":{"line":47,"column":9}},"16":{"start":{"line":43,"column":12},"end":{"line":43,"column":49}},"17":{"start":{"line":44,"column":12},"end":{"line":46,"column":13}},"18":{"start":{"line":45,"column":16},"end":{"line":45,"column":28}},"19":{"start":{"line":51,"column":16},"end":{"line":51,"column":17}},"20":{"start":{"line":52,"column":23},"end":{"line":52,"column":34}},"21":{"start":{"line":54,"column":8},"end":{"line":58,"column":9}},"22":{"start":{"line":55,"column":12},"end":{"line":55,"column":33}},"23":{"start":{"line":56,"column":12},"end":{"line":56,"column":35}},"24":{"start":{"line":57,"column":12},"end":{"line":57,"column":22}},"25":{"start":{"line":60,"column":8},"end":{"line":60,"column":20}},"26":{"start":{"line":64,"column":8},"end":{"line":64,"column":45}},"27":{"start":{"line":66,"column":8},"end":{"line":66,"column":15}},"28":{"start":{"line":70,"column":8},"end":{"line":70,"column":56}},"29":{"start":{"line":70,"column":47},"end":{"line":70,"column":54}}},"fnMap":{"0":{"name":"(anonymous_0)","decl":{"start":{"line":22,"column":4},"end":{"line":22,"column":5}},"loc":{"start":{"line":22,"column":22},"end":{"line":26,"column":5}},"line":22},"1":{"name":"(anonymous_1)","decl":{"start":{"line":28,"column":4},"end":{"line":28,"column":5}},"loc":{"start":{"line":28,"column":15},"end":{"line":37,"column":5}},"line":28},"2":{"name":"(anonymous_2)","decl":{"start":{"line":39,"column":4},"end":{"line":39,"column":5}},"loc":{"start":{"line":39,"column":11},"end":{"line":48,"column":5}},"line":39},"3":{"name":"(anonymous_3)","decl":{"start":{"line":50,"column":4},"end":{"line":50,"column":5}},"loc":{"start":{"line":50,"column":12},"end":{"line":61,"column":5}},"line":50},"4":{"name":"(anonymous_4)","decl":{"start":{"line":63,"column":4},"end":{"line":63,"column":5}},"loc":{"start":{"line":63,"column":16},"end":{"line":67,"column":5}},"line":63},"5":{"name":"(anonymous_5)","decl":{"start":{"line":69,"column":4},"end":{"line":69,"column":5}},"loc":{"start":{"line":69,"column":15},"end":{"line":71,"column":5}},"line":69},"6":{"name":"(anonymous_6)","decl":{"start":{"line":70,"column":42},"end":{"line":70,"column":43}},"loc":{"start":{"line":70,"column":47},"end":{"line":70,"column":54}},"line":70}},"branchMap":{"0":{"loc":{"start":{"line":31,"column":12},"end":{"line":33,"column":13}},"type":"if","locations":[{"start":{"line":31,"column":12},"end":{"line":33,"column":13}},{"start":{"line":31,"column":12},"end":{"line":33,"column":13}}],"line":31},"1":{"loc":{"start":{"line":44,"column":12},"end":{"line":46,"column":13}},"type":"if","locations":[{"start":{"line":44,"column":12},"end":{"line":46,"column":13}},{"start":{"line":44,"column":12},"end":{"line":46,"column":13}}],"line":44},"2":{"loc":{"start":{"line":54,"column":15},"end":{"line":54,"column":43}},"type":"binary-expr","locations":[{"start":{"line":54,"column":15},"end":{"line":54,"column":31}},{"start":{"line":54,"column":35},"end":{"line":54,"column":43}}],"line":54}},"s":{"0":3,"1":3,"2":3,"3":3,"4":3,"5":3,"6":3,"7":3,"8":13,"9":13,"10":511,"11":511,"12":4599,"13":3204,"14":511,"15":508,"16":827,"17":827,"18":495,"19":13,"20":13,"21":13,"22":495,"23":495,"24":495,"25":13,"26":495,"27":495,"28":10,"29":90},"f":{"0":13,"1":511,"2":508,"3":13,"4":495,"5":10,"6":90},"b":{"0":[3204,1395],"1":[495,332],"2":[508,501]},"_coverageSchema":"332fd63041d2c1bcb487cc26dd0d5f7d97098a6c","hash":"5e6f2b28399c525fccf7fbc5a134c8e01458347f"}
,"/Users/brendan/projects/sudoku/src/Square.js": {"path":"/Users/brendan/projects/sudoku/src/Square.js","statementMap":{"0":{"start":{"line":5,"column":8},"end":{"line":5,"column":31}},"1":{"start":{"line":6,"column":8},"end":{"line":6,"column":29}},"2":{"start":{"line":8,"column":8},"end":{"line":8,"column":20}},"3":{"start":{"line":13,"column":4},"end":{"line":13,"column":66}},"4":{"start":{"line":13,"column":36},"end":{"line":13,"column":64}}},"fnMap":{"0":{"name":"(anonymous_0)","decl":{"start":{"line":4,"column":4},"end":{"line":4,"column":5}},"loc":{"start":{"line":4,"column":33},"end":{"line":9,"column":5}},"line":4},"1":{"name":"isSquare","decl":{"start":{"line":12,"column":16},"end":{"line":12,"column":24}},"loc":{"start":{"line":12,"column":32},"end":{"line":14,"column":1}},"line":12},"2":{"name":"(anonymous_2)","decl":{"start":{"line":13,"column":23},"end":{"line":13,"column":24}},"loc":{"start":{"line":13,"column":36},"end":{"line":13,"column":64}},"line":13}},"branchMap":{},"s":{"0":117,"1":117,"2":117,"3":1121,"4":2655},"f":{"0":117,"1":1121,"2":2655},"b":{},"_coverageSchema":"332fd63041d2c1bcb487cc26dd0d5f7d97098a6c","hash":"a7dbafc29f040936f3fa7218b7ec417fe6f466b9"}
,"/Users/brendan/projects/sudoku/src/isValid.js": {"path":"/Users/brendan/projects/sudoku/src/isValid.js","statementMap":{"0":{"start":{"line":5,"column":8},"end":{"line":5,"column":42}},"1":{"start":{"line":8,"column":15},"end":{"line":8,"column":36}},"2":{"start":{"line":9,"column":15},"end":{"line":9,"column":17}},"3":{"start":{"line":10,"column":4},"end":{"line":10,"column":18}},"4":{"start":{"line":11,"column":4},"end":{"line":11,"column":21}},"5":{"start":{"line":12,"column":4},"end":{"line":12,"column":21}},"6":{"start":{"line":13,"column":4},"end":{"line":17,"column":5}},"7":{"start":{"line":14,"column":8},"end":{"line":14,"column":25}},"8":{"start":{"line":15,"column":8},"end":{"line":15,"column":28}},"9":{"start":{"line":16,"column":8},"end":{"line":16,"column":28}},"10":{"start":{"line":19,"column":4},"end":{"line":21,"column":5}},"11":{"start":{"line":20,"column":8},"end":{"line":20,"column":75}},"12":{"start":{"line":23,"column":14},"end":{"line":23,"column":16}},"13":{"start":{"line":24,"column":4},"end":{"line":49,"column":5}},"14":{"start":{"line":25,"column":8},"end":{"line":25,"column":36}},"15":{"start":{"line":26,"column":8},"end":{"line":31,"column":9}},"16":{"start":{"line":27,"column":12},"end":{"line":30,"column":14}},"17":{"start":{"line":33,"column":8},"end":{"line":33,"column":53}},"18":{"start":{"line":33,"column":42},"end":{"line":33,"column":51}},"19":{"start":{"line":35,"column":8},"end":{"line":40,"column":9}},"20":{"start":{"line":36,"column":12},"end":{"line":39,"column":14}},"21":{"start":{"line":42,"column":8},"end":{"line":42,"column":30}},"22":{"start":{"line":43,"column":8},"end":{"line":48,"column":9}},"23":{"start":{"line":44,"column":27},"end":{"line":44,"column":79}},"24":{"start":{"line":46,"column":12},"end":{"line":46,"column":54}},"25":{"start":{"line":47,"column":12},"end":{"line":47,"column":54}},"26":{"start":{"line":51,"column":4},"end":{"line":73,"column":5}},"27":{"start":{"line":52,"column":27},"end":{"line":52,"column":28}},"28":{"start":{"line":53,"column":8},"end":{"line":65,"column":9}},"29":{"start":{"line":54,"column":32},"end":{"line":54,"column":67}},"30":{"start":{"line":54,"column":59},"end":{"line":54,"column":66}},"31":{"start":{"line":56,"column":12},"end":{"line":64,"column":13}},"32":{"start":{"line":57,"column":16},"end":{"line":57,"column":67}},"33":{"start":{"line":58,"column":16},"end":{"line":63,"column":17}},"34":{"start":{"line":59,"column":20},"end":{"line":62,"column":22}},"35":{"start":{"line":67,"column":8},"end":{"line":72,"column":9}},"36":{"start":{"line":68,"column":12},"end":{"line":71,"column":14}},"37":{"start":{"line":75,"column":17},"end":{"line":75,"column":41}},"38":{"start":{"line":77,"column":4},"end":{"line":79,"column":5}},"39":{"start":{"line":78,"column":8},"end":{"line":78,"column":64}},"40":{"start":{"line":81,"column":4},"end":{"line":81,"column":78}}},"fnMap":{"0":{"name":"isValid","decl":{"start":{"line":3,"column":24},"end":{"line":3,"column":31}},"loc":{"start":{"line":3,"column":38},"end":{"line":82,"column":1}},"line":3},"1":{"name":"hasDuplicates","decl":{"start":{"line":4,"column":13},"end":{"line":4,"column":26}},"loc":{"start":{"line":4,"column":30},"end":{"line":6,"column":5}},"line":4},"2":{"name":"(anonymous_2)","decl":{"start":{"line":33,"column":37},"end":{"line":33,"column":38}},"loc":{"start":{"line":33,"column":42},"end":{"line":33,"column":51}},"line":33},"3":{"name":"(anonymous_3)","decl":{"start":{"line":54,"column":54},"end":{"line":54,"column":55}},"loc":{"start":{"line":54,"column":59},"end":{"line":54,"column":66}},"line":54}},"branchMap":{"0":{"loc":{"start":{"line":19,"column":4},"end":{"line":21,"column":5}},"type":"if","locations":[{"start":{"line":19,"column":4},"end":{"line":21,"column":5}},{"start":{"line":19,"column":4},"end":{"line":21,"column":5}}],"line":19},"1":{"loc":{"start":{"line":26,"column":8},"end":{"line":31,"column":9}},"type":"if","locations":[{"start":{"line":26,"column":8},"end":{"line":31,"column":9}},{"start":{"line":26,"column":8},"end":{"line":31,"column":9}}],"line":26},"2":{"loc":{"start":{"line":35,"column":8},"end":{"line":40,"column":9}},"type":"if","locations":[{"start":{"line":35,"column":8},"end":{"line":40,"column":9}},{"start":{"line":35,"column":8},"end":{"line":40,"column":9}}],"line":35},"3":{"loc":{"start":{"line":56,"column":12},"end":{"line":64,"column":13}},"type":"if","locations":[{"start":{"line":56,"column":12},"end":{"line":64,"column":13}},{"start":{"line":56,"column":12},"end":{"line":64,"column":13}}],"line":56},"4":{"loc":{"start":{"line":58,"column":16},"end":{"line":63,"column":17}},"type":"if","locations":[{"start":{"line":58,"column":16},"end":{"line":63,"column":17}},{"start":{"line":58,"column":16},"end":{"line":63,"column":17}}],"line":58},"5":{"loc":{"start":{"line":67,"column":8},"end":{"line":72,"column":9}},"type":"if","locations":[{"start":{"line":67,"column":8},"end":{"line":72,"column":9}},{"start":{"line":67,"column":8},"end":{"line":72,"column":9}}],"line":67},"6":{"loc":{"start":{"line":77,"column":4},"end":{"line":79,"column":5}},"type":"if","locations":[{"start":{"line":77,"column":4},"end":{"line":79,"column":5}},{"start":{"line":77,"column":4},"end":{"line":79,"column":5}}],"line":77}},"s":{"0":117,"1":11,"2":11,"3":11,"4":11,"5":11,"6":11,"7":99,"8":99,"9":99,"10":11,"11":1,"12":10,"13":10,"14":82,"15":82,"16":2,"17":80,"18":720,"19":80,"20":1,"21":79,"22":79,"23":711,"24":711,"25":711,"26":7,"27":16,"28":16,"29":120,"30":1080,"31":120,"32":117,"33":117,"34":3,"35":13,"36":1,"37":3,"38":3,"39":1,"40":2},"f":{"0":11,"1":117,"2":720,"3":1080},"b":{"0":[1,10],"1":[2,80],"2":[1,79],"3":[117,3],"4":[3,114],"5":[1,12],"6":[1,2]},"_coverageSchema":"332fd63041d2c1bcb487cc26dd0d5f7d97098a6c","hash":"bfaee7ec7ea970e28d95eef06fb916ae9bdfb657"}
,"/Users/brendan/projects/sudoku/src/strategies/XYChain.js": {"path":"/Users/brendan/projects/sudoku/src/strategies/XYChain.js","statementMap":{"0":{"start":{"line":1,"column":22},"end":{"line":61,"column":1}},"1":{"start":{"line":2,"column":22},"end":{"line":15,"column":5}},"2":{"start":{"line":3,"column":23},"end":{"line":5,"column":58}},"3":{"start":{"line":4,"column":25},"end":{"line":4,"column":48}},"4":{"start":{"line":5,"column":25},"end":{"line":5,"column":57}},"5":{"start":{"line":7,"column":22},"end":{"line":7,"column":61}},"6":{"start":{"line":8,"column":25},"end":{"line":8,"column":70}},"7":{"start":{"line":9,"column":25},"end":{"line":9,"column":70}},"8":{"start":{"line":11,"column":8},"end":{"line":14,"column":9}},"9":{"start":{"line":12,"column":12},"end":{"line":12,"column":39}},"10":{"start":{"line":13,"column":12},"end":{"line":13,"column":28}},"11":{"start":{"line":17,"column":19},"end":{"line":32,"column":5}},"12":{"start":{"line":18,"column":20},"end":{"line":18,"column":116}},"13":{"start":{"line":18,"column":57},"end":{"line":18,"column":85}},"14":{"start":{"line":18,"column":99},"end":{"line":18,"column":115}},"15":{"start":{"line":19,"column":23},"end":{"line":19,"column":46}},"16":{"start":{"line":20,"column":21},"end":{"line":20,"column":91}},"17":{"start":{"line":20,"column":70},"end":{"line":20,"column":87}},"18":{"start":{"line":21,"column":23},"end":{"line":21,"column":88}},"19":{"start":{"line":21,"column":72},"end":{"line":21,"column":84}},"20":{"start":{"line":23,"column":8},"end":{"line":31,"column":10}},"21":{"start":{"line":26,"column":30},"end":{"line":26,"column":46}},"22":{"start":{"line":34,"column":15},"end":{"line":34,"column":24}},"23":{"start":{"line":35,"column":4},"end":{"line":35,"column":21}},"24":{"start":{"line":37,"column":4},"end":{"line":39,"column":5}},"25":{"start":{"line":38,"column":8},"end":{"line":38,"column":15}},"26":{"start":{"line":41,"column":4},"end":{"line":58,"column":5}},"27":{"start":{"line":42,"column":8},"end":{"line":42,"column":33}},"28":{"start":{"line":45,"column":8},"end":{"line":47,"column":9}},"29":{"start":{"line":46,"column":12},"end":{"line":46,"column":49}},"30":{"start":{"line":50,"column":8},"end":{"line":52,"column":9}},"31":{"start":{"line":51,"column":12},"end":{"line":51,"column":55}},"32":{"start":{"line":55,"column":8},"end":{"line":57,"column":9}},"33":{"start":{"line":56,"column":12},"end":{"line":56,"column":55}},"34":{"start":{"line":60,"column":4},"end":{"line":60,"column":15}},"35":{"start":{"line":65,"column":8},"end":{"line":65,"column":30}},"36":{"start":{"line":66,"column":8},"end":{"line":66,"column":20}},"37":{"start":{"line":70,"column":30},"end":{"line":70,"column":79}},"38":{"start":{"line":70,"column":57},"end":{"line":70,"column":78}},"39":{"start":{"line":72,"column":8},"end":{"line":96,"column":9}},"40":{"start":{"line":73,"column":12},"end":{"line":95,"column":13}},"41":{"start":{"line":74,"column":35},"end":{"line":74,"column":85}},"42":{"start":{"line":74,"column":58},"end":{"line":74,"column":84}},"43":{"start":{"line":75,"column":33},"end":{"line":75,"column":85}},"44":{"start":{"line":75,"column":58},"end":{"line":75,"column":84}},"45":{"start":{"line":77,"column":16},"end":{"line":94,"column":17}},"46":{"start":{"line":78,"column":31},"end":{"line":78,"column":44}},"47":{"start":{"line":79,"column":20},"end":{"line":79,"column":74}},"48":{"start":{"line":79,"column":56},"end":{"line":79,"column":72}},"49":{"start":{"line":80,"column":20},"end":{"line":80,"column":78}},"50":{"start":{"line":80,"column":60},"end":{"line":80,"column":76}},"51":{"start":{"line":82,"column":33},"end":{"line":82,"column":84}},"52":{"start":{"line":82,"column":69},"end":{"line":82,"column":80}},"53":{"start":{"line":83,"column":31},"end":{"line":83,"column":78}},"54":{"start":{"line":84,"column":32},"end":{"line":84,"column":92}},"55":{"start":{"line":84,"column":80},"end":{"line":84,"column":84}},"56":{"start":{"line":86,"column":20},"end":{"line":93,"column":21}},"57":{"start":{"line":87,"column":24},"end":{"line":92,"column":26}},"58":{"start":{"line":98,"column":8},"end":{"line":98,"column":25}},"59":{"start":{"line":102,"column":20},"end":{"line":102,"column":36}},"60":{"start":{"line":103,"column":18},"end":{"line":103,"column":54}},"61":{"start":{"line":105,"column":23},"end":{"line":110,"column":14}},"62":{"start":{"line":106,"column":25},"end":{"line":106,"column":47}},"63":{"start":{"line":107,"column":25},"end":{"line":107,"column":60}},"64":{"start":{"line":109,"column":16},"end":{"line":109,"column":51}},"65":{"start":{"line":112,"column":8},"end":{"line":112,"column":24}}},"fnMap":{"0":{"name":"(anonymous_0)","decl":{"start":{"line":1,"column":22},"end":{"line":1,"column":23}},"loc":{"start":{"line":1,"column":87},"end":{"line":61,"column":1}},"line":1},"1":{"name":"(anonymous_1)","decl":{"start":{"line":2,"column":22},"end":{"line":2,"column":23}},"loc":{"start":{"line":2,"column":39},"end":{"line":15,"column":5}},"line":2},"2":{"name":"(anonymous_2)","decl":{"start":{"line":4,"column":20},"end":{"line":4,"column":21}},"loc":{"start":{"line":4,"column":25},"end":{"line":4,"column":48}},"line":4},"3":{"name":"(anonymous_3)","decl":{"start":{"line":5,"column":20},"end":{"line":5,"column":21}},"loc":{"start":{"line":5,"column":25},"end":{"line":5,"column":57}},"line":5},"4":{"name":"(anonymous_4)","decl":{"start":{"line":17,"column":19},"end":{"line":17,"column":20}},"loc":{"start":{"line":17,"column":36},"end":{"line":32,"column":5}},"line":17},"5":{"name":"(anonymous_5)","decl":{"start":{"line":18,"column":52},"end":{"line":18,"column":53}},"loc":{"start":{"line":18,"column":57},"end":{"line":18,"column":85}},"line":18},"6":{"name":"(anonymous_6)","decl":{"start":{"line":18,"column":94},"end":{"line":18,"column":95}},"loc":{"start":{"line":18,"column":99},"end":{"line":18,"column":115}},"line":18},"7":{"name":"(anonymous_7)","decl":{"start":{"line":20,"column":65},"end":{"line":20,"column":66}},"loc":{"start":{"line":20,"column":70},"end":{"line":20,"column":87}},"line":20},"8":{"name":"(anonymous_8)","decl":{"start":{"line":21,"column":67},"end":{"line":21,"column":68}},"loc":{"start":{"line":21,"column":72},"end":{"line":21,"column":84}},"line":21},"9":{"name":"(anonymous_9)","decl":{"start":{"line":26,"column":25},"end":{"line":26,"column":26}},"loc":{"start":{"line":26,"column":30},"end":{"line":26,"column":46}},"line":26},"10":{"name":"(anonymous_10)","decl":{"start":{"line":64,"column":4},"end":{"line":64,"column":5}},"loc":{"start":{"line":64,"column":18},"end":{"line":67,"column":5}},"line":64},"11":{"name":"(anonymous_11)","decl":{"start":{"line":69,"column":4},"end":{"line":69,"column":5}},"loc":{"start":{"line":69,"column":15},"end":{"line":99,"column":5}},"line":69},"12":{"name":"(anonymous_12)","decl":{"start":{"line":70,"column":48},"end":{"line":70,"column":49}},"loc":{"start":{"line":70,"column":57},"end":{"line":70,"column":78}},"line":70},"13":{"name":"(anonymous_13)","decl":{"start":{"line":74,"column":53},"end":{"line":74,"column":54}},"loc":{"start":{"line":74,"column":58},"end":{"line":74,"column":84}},"line":74},"14":{"name":"(anonymous_14)","decl":{"start":{"line":75,"column":53},"end":{"line":75,"column":54}},"loc":{"start":{"line":75,"column":58},"end":{"line":75,"column":84}},"line":75},"15":{"name":"(anonymous_15)","decl":{"start":{"line":79,"column":51},"end":{"line":79,"column":52}},"loc":{"start":{"line":79,"column":56},"end":{"line":79,"column":72}},"line":79},"16":{"name":"(anonymous_16)","decl":{"start":{"line":80,"column":55},"end":{"line":80,"column":56}},"loc":{"start":{"line":80,"column":60},"end":{"line":80,"column":76}},"line":80},"17":{"name":"(anonymous_17)","decl":{"start":{"line":82,"column":64},"end":{"line":82,"column":65}},"loc":{"start":{"line":82,"column":69},"end":{"line":82,"column":80}},"line":82},"18":{"name":"(anonymous_18)","decl":{"start":{"line":84,"column":75},"end":{"line":84,"column":76}},"loc":{"start":{"line":84,"column":80},"end":{"line":84,"column":84}},"line":84},"19":{"name":"(anonymous_19)","decl":{"start":{"line":101,"column":4},"end":{"line":101,"column":5}},"loc":{"start":{"line":101,"column":22},"end":{"line":113,"column":5}},"line":101},"20":{"name":"(anonymous_20)","decl":{"start":{"line":106,"column":20},"end":{"line":106,"column":21}},"loc":{"start":{"line":106,"column":25},"end":{"line":106,"column":47}},"line":106},"21":{"name":"(anonymous_21)","decl":{"start":{"line":107,"column":20},"end":{"line":107,"column":21}},"loc":{"start":{"line":107,"column":25},"end":{"line":107,"column":60}},"line":107},"22":{"name":"(anonymous_22)","decl":{"start":{"line":108,"column":21},"end":{"line":108,"column":22}},"loc":{"start":{"line":108,"column":26},"end":{"line":110,"column":13}},"line":108}},"branchMap":{"0":{"loc":{"start":{"line":1,"column":48},"end":{"line":1,"column":58}},"type":"default-arg","locations":[{"start":{"line":1,"column":56},"end":{"line":1,"column":58}}],"line":1},"1":{"loc":{"start":{"line":1,"column":60},"end":{"line":1,"column":72}},"type":"default-arg","locations":[{"start":{"line":1,"column":70},"end":{"line":1,"column":72}}],"line":1},"2":{"loc":{"start":{"line":1,"column":74},"end":{"line":1,"column":82}},"type":"default-arg","locations":[{"start":{"line":1,"column":80},"end":{"line":1,"column":82}}],"line":1},"3":{"loc":{"start":{"line":11,"column":8},"end":{"line":14,"column":9}},"type":"if","locations":[{"start":{"line":11,"column":8},"end":{"line":14,"column":9}},{"start":{"line":11,"column":8},"end":{"line":14,"column":9}}],"line":11},"4":{"loc":{"start":{"line":11,"column":12},"end":{"line":11,"column":69}},"type":"binary-expr","locations":[{"start":{"line":11,"column":12},"end":{"line":11,"column":27}},{"start":{"line":11,"column":31},"end":{"line":11,"column":39}},{"start":{"line":11,"column":43},"end":{"line":11,"column":54}},{"start":{"line":11,"column":58},"end":{"line":11,"column":69}}],"line":11},"5":{"loc":{"start":{"line":37,"column":4},"end":{"line":39,"column":5}},"type":"if","locations":[{"start":{"line":37,"column":4},"end":{"line":39,"column":5}},{"start":{"line":37,"column":4},"end":{"line":39,"column":5}}],"line":37},"6":{"loc":{"start":{"line":37,"column":8},"end":{"line":37,"column":44}},"type":"binary-expr","locations":[{"start":{"line":37,"column":8},"end":{"line":37,"column":21}},{"start":{"line":37,"column":25},"end":{"line":37,"column":44}}],"line":37},"7":{"loc":{"start":{"line":41,"column":4},"end":{"line":58,"column":5}},"type":"if","locations":[{"start":{"line":41,"column":4},"end":{"line":58,"column":5}},{"start":{"line":41,"column":4},"end":{"line":58,"column":5}}],"line":41},"8":{"loc":{"start":{"line":45,"column":8},"end":{"line":47,"column":9}},"type":"if","locations":[{"start":{"line":45,"column":8},"end":{"line":47,"column":9}},{"start":{"line":45,"column":8},"end":{"line":47,"column":9}}],"line":45},"9":{"loc":{"start":{"line":50,"column":8},"end":{"line":52,"column":9}},"type":"if","locations":[{"start":{"line":50,"column":8},"end":{"line":52,"column":9}},{"start":{"line":50,"column":8},"end":{"line":52,"column":9}}],"line":50},"10":{"loc":{"start":{"line":55,"column":8},"end":{"line":57,"column":9}},"type":"if","locations":[{"start":{"line":55,"column":8},"end":{"line":57,"column":9}},{"start":{"line":55,"column":8},"end":{"line":57,"column":9}}],"line":55},"11":{"loc":{"start":{"line":86,"column":20},"end":{"line":93,"column":21}},"type":"if","locations":[{"start":{"line":86,"column":20},"end":{"line":93,"column":21}},{"start":{"line":86,"column":20},"end":{"line":93,"column":21}}],"line":86},"12":{"loc":{"start":{"line":86,"column":24},"end":{"line":86,"column":64}},"type":"binary-expr","locations":[{"start":{"line":86,"column":24},"end":{"line":86,"column":29}},{"start":{"line":86,"column":33},"end":{"line":86,"column":45}},{"start":{"line":86,"column":49},"end":{"line":86,"column":64}}],"line":86}},"s":{"0":3,"1":4894,"2":535,"3":11235,"4":6239,"5":535,"6":535,"7":535,"8":535,"9":4,"10":4,"11":4894,"12":4552,"13":9124,"14":9124,"15":4552,"16":4552,"17":9104,"18":4552,"19":9104,"20":4552,"21":64235,"22":4894,"23":4894,"24":4894,"25":2242,"26":2652,"27":535,"28":2117,"29":1878,"30":2117,"31":800,"32":2117,"33":1874,"34":2652,"35":3,"36":3,"37":17,"38":459,"39":17,"40":97,"41":846,"42":68526,"43":846,"44":1499,"45":846,"46":342,"47":342,"48":1239,"49":342,"50":4663,"51":342,"52":684,"53":342,"54":342,"55":4321,"56":342,"57":4,"58":13,"59":4,"60":4,"61":4,"62":84,"63":84,"64":15,"65":4},"f":{"0":4894,"1":535,"2":11235,"3":6239,"4":4552,"5":9124,"6":9124,"7":9104,"8":9104,"9":64235,"10":3,"11":17,"12":459,"13":68526,"14":1499,"15":1239,"16":4663,"17":684,"18":4321,"19":4,"20":84,"21":84,"22":15},"b":{"0":[342],"1":[342],"2":[342],"3":[4,531],"4":[535,511,257,104],"5":[2242,2652],"6":[4894,4880],"7":[535,2117],"8":[1878,239],"9":[800,1317],"10":[1874,243],"11":[4,338],"12":[342,328,4]},"_coverageSchema":"332fd63041d2c1bcb487cc26dd0d5f7d97098a6c","hash":"3a463c23f3f73b2098c7c1965d8e9898b90da895"}
,"/Users/brendan/projects/sudoku/src/strategies/fish.js": {"path":"/Users/brendan/projects/sudoku/src/strategies/fish.js","statementMap":{"0":{"start":{"line":1,"column":16},"end":{"line":5,"column":1}},"1":{"start":{"line":2,"column":4},"end":{"line":4,"column":6}},"2":{"start":{"line":3,"column":8},"end":{"line":3,"column":85}},"3":{"start":{"line":3,"column":42},"end":{"line":3,"column":71}},"4":{"start":{"line":7,"column":22},"end":{"line":16,"column":1}},"5":{"start":{"line":8,"column":4},"end":{"line":15,"column":6}},"6":{"start":{"line":9,"column":24},"end":{"line":9,"column":94}},"7":{"start":{"line":9,"column":46},"end":{"line":9,"column":72}},"8":{"start":{"line":9,"column":83},"end":{"line":9,"column":93}},"9":{"start":{"line":11,"column":8},"end":{"line":14,"column":10}},"10":{"start":{"line":18,"column":33},"end":{"line":28,"column":1}},"11":{"start":{"line":19,"column":22},"end":{"line":19,"column":24}},"12":{"start":{"line":21,"column":4},"end":{"line":25,"column":5}},"13":{"start":{"line":22,"column":18},"end":{"line":22,"column":84}},"14":{"start":{"line":22,"column":50},"end":{"line":22,"column":83}},"15":{"start":{"line":23,"column":24},"end":{"line":23,"column":37}},"16":{"start":{"line":24,"column":8},"end":{"line":24,"column":39}},"17":{"start":{"line":27,"column":4},"end":{"line":27,"column":37}},"18":{"start":{"line":30,"column":35},"end":{"line":37,"column":1}},"19":{"start":{"line":31,"column":25},"end":{"line":34,"column":58}},"20":{"start":{"line":32,"column":21},"end":{"line":32,"column":47}},"21":{"start":{"line":33,"column":21},"end":{"line":33,"column":53}},"22":{"start":{"line":34,"column":21},"end":{"line":34,"column":57}},"23":{"start":{"line":36,"column":4},"end":{"line":36,"column":33}},"24":{"start":{"line":39,"column":21},"end":{"line":58,"column":1}},"25":{"start":{"line":40,"column":15},"end":{"line":55,"column":5}},"26":{"start":{"line":41,"column":8},"end":{"line":43,"column":9}},"27":{"start":{"line":42,"column":12},"end":{"line":42,"column":19}},"28":{"start":{"line":45,"column":8},"end":{"line":52,"column":9}},"29":{"start":{"line":46,"column":12},"end":{"line":48,"column":13}},"30":{"start":{"line":47,"column":16},"end":{"line":47,"column":33}},"31":{"start":{"line":50,"column":12},"end":{"line":50,"column":67}},"32":{"start":{"line":51,"column":12},"end":{"line":51,"column":51}},"33":{"start":{"line":54,"column":8},"end":{"line":54,"column":19}},"34":{"start":{"line":57,"column":4},"end":{"line":57,"column":27}},"35":{"start":{"line":62,"column":8},"end":{"line":62,"column":27}},"36":{"start":{"line":63,"column":8},"end":{"line":63,"column":20}},"37":{"start":{"line":67,"column":8},"end":{"line":105,"column":9}},"38":{"start":{"line":68,"column":37},"end":{"line":68,"column":68}},"39":{"start":{"line":70,"column":12},"end":{"line":104,"column":13}},"40":{"start":{"line":71,"column":42},"end":{"line":73,"column":57}},"41":{"start":{"line":73,"column":33},"end":{"line":73,"column":56}},"42":{"start":{"line":78,"column":16},"end":{"line":103,"column":17}},"43":{"start":{"line":79,"column":33},"end":{"line":79,"column":74}},"44":{"start":{"line":79,"column":64},"end":{"line":79,"column":73}},"45":{"start":{"line":82,"column":59},"end":{"line":82,"column":85}},"46":{"start":{"line":84,"column":20},"end":{"line":102,"column":21}},"47":{"start":{"line":85,"column":42},"end":{"line":85,"column":105}},"48":{"start":{"line":88,"column":24},"end":{"line":101,"column":25}},"49":{"start":{"line":89,"column":43},"end":{"line":89,"column":59}},"50":{"start":{"line":92,"column":28},"end":{"line":100,"column":29}},"51":{"start":{"line":93,"column":32},"end":{"line":99,"column":34}},"52":{"start":{"line":107,"column":8},"end":{"line":107,"column":25}},"53":{"start":{"line":111,"column":8},"end":{"line":117,"column":15}},"54":{"start":{"line":112,"column":25},"end":{"line":112,"column":56}},"55":{"start":{"line":113,"column":25},"end":{"line":113,"column":58}},"56":{"start":{"line":114,"column":25},"end":{"line":114,"column":62}},"57":{"start":{"line":116,"column":16},"end":{"line":116,"column":51}},"58":{"start":{"line":119,"column":8},"end":{"line":119,"column":20}}},"fnMap":{"0":{"name":"(anonymous_0)","decl":{"start":{"line":1,"column":16},"end":{"line":1,"column":17}},"loc":{"start":{"line":1,"column":25},"end":{"line":5,"column":1}},"line":1},"1":{"name":"(anonymous_1)","decl":{"start":{"line":2,"column":11},"end":{"line":2,"column":12}},"loc":{"start":{"line":2,"column":20},"end":{"line":4,"column":5}},"line":2},"2":{"name":"(anonymous_2)","decl":{"start":{"line":3,"column":34},"end":{"line":3,"column":35}},"loc":{"start":{"line":3,"column":42},"end":{"line":3,"column":71}},"line":3},"3":{"name":"(anonymous_3)","decl":{"start":{"line":7,"column":22},"end":{"line":7,"column":23}},"loc":{"start":{"line":7,"column":31},"end":{"line":16,"column":1}},"line":7},"4":{"name":"(anonymous_4)","decl":{"start":{"line":8,"column":11},"end":{"line":8,"column":12}},"loc":{"start":{"line":8,"column":18},"end":{"line":15,"column":5}},"line":8},"5":{"name":"(anonymous_5)","decl":{"start":{"line":9,"column":41},"end":{"line":9,"column":42}},"loc":{"start":{"line":9,"column":46},"end":{"line":9,"column":72}},"line":9},"6":{"name":"(anonymous_6)","decl":{"start":{"line":9,"column":78},"end":{"line":9,"column":79}},"loc":{"start":{"line":9,"column":83},"end":{"line":9,"column":93}},"line":9},"7":{"name":"(anonymous_7)","decl":{"start":{"line":18,"column":33},"end":{"line":18,"column":34}},"loc":{"start":{"line":18,"column":76},"end":{"line":28,"column":1}},"line":18},"8":{"name":"(anonymous_8)","decl":{"start":{"line":22,"column":43},"end":{"line":22,"column":44}},"loc":{"start":{"line":22,"column":50},"end":{"line":22,"column":83}},"line":22},"9":{"name":"(anonymous_9)","decl":{"start":{"line":30,"column":35},"end":{"line":30,"column":36}},"loc":{"start":{"line":30,"column":75},"end":{"line":37,"column":1}},"line":30},"10":{"name":"(anonymous_10)","decl":{"start":{"line":32,"column":16},"end":{"line":32,"column":17}},"loc":{"start":{"line":32,"column":21},"end":{"line":32,"column":47}},"line":32},"11":{"name":"(anonymous_11)","decl":{"start":{"line":33,"column":16},"end":{"line":33,"column":17}},"loc":{"start":{"line":33,"column":21},"end":{"line":33,"column":53}},"line":33},"12":{"name":"(anonymous_12)","decl":{"start":{"line":34,"column":16},"end":{"line":34,"column":17}},"loc":{"start":{"line":34,"column":21},"end":{"line":34,"column":57}},"line":34},"13":{"name":"(anonymous_13)","decl":{"start":{"line":39,"column":21},"end":{"line":39,"column":22}},"loc":{"start":{"line":39,"column":38},"end":{"line":58,"column":1}},"line":39},"14":{"name":"(anonymous_14)","decl":{"start":{"line":40,"column":15},"end":{"line":40,"column":16}},"loc":{"start":{"line":40,"column":61},"end":{"line":55,"column":5}},"line":40},"15":{"name":"(anonymous_15)","decl":{"start":{"line":61,"column":4},"end":{"line":61,"column":5}},"loc":{"start":{"line":61,"column":18},"end":{"line":64,"column":5}},"line":61},"16":{"name":"(anonymous_16)","decl":{"start":{"line":66,"column":4},"end":{"line":66,"column":5}},"loc":{"start":{"line":66,"column":15},"end":{"line":108,"column":5}},"line":66},"17":{"name":"(anonymous_17)","decl":{"start":{"line":73,"column":28},"end":{"line":73,"column":29}},"loc":{"start":{"line":73,"column":33},"end":{"line":73,"column":56}},"line":73},"18":{"name":"(anonymous_18)","decl":{"start":{"line":79,"column":57},"end":{"line":79,"column":58}},"loc":{"start":{"line":79,"column":64},"end":{"line":79,"column":73}},"line":79},"19":{"name":"(anonymous_19)","decl":{"start":{"line":110,"column":4},"end":{"line":110,"column":5}},"loc":{"start":{"line":110,"column":22},"end":{"line":120,"column":5}},"line":110},"20":{"name":"(anonymous_20)","decl":{"start":{"line":112,"column":20},"end":{"line":112,"column":21}},"loc":{"start":{"line":112,"column":25},"end":{"line":112,"column":56}},"line":112},"21":{"name":"(anonymous_21)","decl":{"start":{"line":113,"column":20},"end":{"line":113,"column":21}},"loc":{"start":{"line":113,"column":25},"end":{"line":113,"column":58}},"line":113},"22":{"name":"(anonymous_22)","decl":{"start":{"line":114,"column":20},"end":{"line":114,"column":21}},"loc":{"start":{"line":114,"column":25},"end":{"line":114,"column":62}},"line":114},"23":{"name":"(anonymous_23)","decl":{"start":{"line":115,"column":21},"end":{"line":115,"column":22}},"loc":{"start":{"line":115,"column":26},"end":{"line":117,"column":13}},"line":115}},"branchMap":{"0":{"loc":{"start":{"line":40,"column":38},"end":{"line":40,"column":49}},"type":"default-arg","locations":[{"start":{"line":40,"column":47},"end":{"line":40,"column":49}}],"line":40},"1":{"loc":{"start":{"line":40,"column":51},"end":{"line":40,"column":59}},"type":"default-arg","locations":[{"start":{"line":40,"column":57},"end":{"line":40,"column":59}}],"line":40},"2":{"loc":{"start":{"line":41,"column":8},"end":{"line":43,"column":9}},"type":"if","locations":[{"start":{"line":41,"column":8},"end":{"line":43,"column":9}},{"start":{"line":41,"column":8},"end":{"line":43,"column":9}}],"line":41},"3":{"loc":{"start":{"line":41,"column":12},"end":{"line":41,"column":42}},"type":"binary-expr","locations":[{"start":{"line":41,"column":12},"end":{"line":41,"column":26}},{"start":{"line":41,"column":30},"end":{"line":41,"column":42}}],"line":41},"4":{"loc":{"start":{"line":45,"column":8},"end":{"line":52,"column":9}},"type":"if","locations":[{"start":{"line":45,"column":8},"end":{"line":52,"column":9}},{"start":{"line":45,"column":8},"end":{"line":52,"column":9}}],"line":45},"5":{"loc":{"start":{"line":46,"column":12},"end":{"line":48,"column":13}},"type":"if","locations":[{"start":{"line":46,"column":12},"end":{"line":48,"column":13}},{"start":{"line":46,"column":12},"end":{"line":48,"column":13}}],"line":46},"6":{"loc":{"start":{"line":70,"column":12},"end":{"line":104,"column":13}},"type":"if","locations":[{"start":{"line":70,"column":12},"end":{"line":104,"column":13}},{"start":{"line":70,"column":12},"end":{"line":104,"column":13}}],"line":70},"7":{"loc":{"start":{"line":88,"column":24},"end":{"line":101,"column":25}},"type":"if","locations":[{"start":{"line":88,"column":24},"end":{"line":101,"column":25}},{"start":{"line":88,"column":24},"end":{"line":101,"column":25}}],"line":88},"8":{"loc":{"start":{"line":92,"column":28},"end":{"line":100,"column":29}},"type":"if","locations":[{"start":{"line":92,"column":28},"end":{"line":100,"column":29}},{"start":{"line":92,"column":28},"end":{"line":100,"column":29}}],"line":92}},"s":{"0":3,"1":165,"2":1485,"3":13365,"4":3,"5":53,"6":240,"7":2160,"8":670,"9":240,"10":3,"11":1769,"12":1769,"13":5339,"14":20256,"15":5339,"16":5339,"17":1769,"18":3,"19":46,"20":3726,"21":389,"22":116,"23":46,"24":3,"25":158,"26":15986,"27":158,"28":15828,"29":7914,"30":1847,"31":7914,"32":7914,"33":15828,"34":158,"35":3,"36":3,"37":20,"38":165,"39":165,"40":53,"41":240,"42":53,"43":158,"44":714,"45":158,"46":158,"47":1769,"48":1769,"49":46,"50":46,"51":3,"52":17,"53":3,"54":243,"55":52,"56":27,"57":6,"58":3},"f":{"0":165,"1":1485,"2":13365,"3":53,"4":240,"5":2160,"6":670,"7":1769,"8":20256,"9":46,"10":3726,"11":389,"12":116,"13":158,"14":15986,"15":3,"16":20,"17":240,"18":714,"19":3,"20":243,"21":52,"22":27,"23":6},"b":{"0":[158],"1":[158],"2":[158,15828],"3":[15986,872],"4":[7914,7914],"5":[1847,6067],"6":[53,112],"7":[46,1723],"8":[3,43]},"_coverageSchema":"332fd63041d2c1bcb487cc26dd0d5f7d97098a6c","hash":"7f9c7e8109292d42e451a806ccbf23dd07d65e7a"}
,"/Users/brendan/projects/sudoku/src/strategies/hidden.js": {"path":"/Users/brendan/projects/sudoku/src/strategies/hidden.js","statementMap":{"0":{"start":{"line":1,"column":30},"end":{"line":4,"column":1}},"1":{"start":{"line":2,"column":16},"end":{"line":2,"column":93}},"2":{"start":{"line":2,"column":45},"end":{"line":2,"column":92}},"3":{"start":{"line":3,"column":4},"end":{"line":3,"column":26}},"4":{"start":{"line":6,"column":21},"end":{"line":25,"column":1}},"5":{"start":{"line":7,"column":15},"end":{"line":22,"column":5}},"6":{"start":{"line":8,"column":8},"end":{"line":10,"column":9}},"7":{"start":{"line":9,"column":12},"end":{"line":9,"column":19}},"8":{"start":{"line":12,"column":8},"end":{"line":19,"column":9}},"9":{"start":{"line":13,"column":12},"end":{"line":15,"column":13}},"10":{"start":{"line":14,"column":16},"end":{"line":14,"column":33}},"11":{"start":{"line":17,"column":12},"end":{"line":17,"column":67}},"12":{"start":{"line":18,"column":12},"end":{"line":18,"column":51}},"13":{"start":{"line":21,"column":8},"end":{"line":21,"column":19}},"14":{"start":{"line":24,"column":4},"end":{"line":24,"column":27}},"15":{"start":{"line":29,"column":8},"end":{"line":29,"column":29}},"16":{"start":{"line":30,"column":8},"end":{"line":30,"column":20}},"17":{"start":{"line":35,"column":8},"end":{"line":62,"column":9}},"18":{"start":{"line":36,"column":34},"end":{"line":36,"column":100}},"19":{"start":{"line":36,"column":61},"end":{"line":36,"column":99}},"20":{"start":{"line":38,"column":12},"end":{"line":61,"column":13}},"21":{"start":{"line":39,"column":48},"end":{"line":39,"column":85}},"22":{"start":{"line":41,"column":16},"end":{"line":60,"column":17}},"23":{"start":{"line":42,"column":51},"end":{"line":44,"column":21}},"24":{"start":{"line":43,"column":24},"end":{"line":43,"column":95}},"25":{"start":{"line":43,"column":58},"end":{"line":43,"column":94}},"26":{"start":{"line":46,"column":20},"end":{"line":59,"column":21}},"27":{"start":{"line":47,"column":24},"end":{"line":58,"column":25}},"28":{"start":{"line":48,"column":37},"end":{"line":48,"column":76}},"29":{"start":{"line":48,"column":71},"end":{"line":48,"column":75}},"30":{"start":{"line":49,"column":41},"end":{"line":49,"column":61}},"31":{"start":{"line":51,"column":28},"end":{"line":57,"column":30}},"32":{"start":{"line":64,"column":8},"end":{"line":64,"column":25}},"33":{"start":{"line":68,"column":8},"end":{"line":73,"column":11}},"34":{"start":{"line":68,"column":40},"end":{"line":68,"column":69}},"35":{"start":{"line":69,"column":29},"end":{"line":71,"column":14}},"36":{"start":{"line":70,"column":16},"end":{"line":70,"column":53}},"37":{"start":{"line":72,"column":12},"end":{"line":72,"column":78}},"38":{"start":{"line":75,"column":8},"end":{"line":75,"column":20}}},"fnMap":{"0":{"name":"(anonymous_0)","decl":{"start":{"line":1,"column":30},"end":{"line":1,"column":31}},"loc":{"start":{"line":1,"column":65},"end":{"line":4,"column":1}},"line":1},"1":{"name":"(anonymous_1)","decl":{"start":{"line":2,"column":37},"end":{"line":2,"column":38}},"loc":{"start":{"line":2,"column":45},"end":{"line":2,"column":92}},"line":2},"2":{"name":"(anonymous_2)","decl":{"start":{"line":6,"column":21},"end":{"line":6,"column":22}},"loc":{"start":{"line":6,"column":38},"end":{"line":25,"column":1}},"line":6},"3":{"name":"(anonymous_3)","decl":{"start":{"line":7,"column":15},"end":{"line":7,"column":16}},"loc":{"start":{"line":7,"column":61},"end":{"line":22,"column":5}},"line":7},"4":{"name":"(anonymous_4)","decl":{"start":{"line":28,"column":4},"end":{"line":28,"column":5}},"loc":{"start":{"line":28,"column":18},"end":{"line":31,"column":5}},"line":28},"5":{"name":"(anonymous_5)","decl":{"start":{"line":33,"column":4},"end":{"line":33,"column":5}},"loc":{"start":{"line":33,"column":15},"end":{"line":65,"column":5}},"line":33},"6":{"name":"(anonymous_6)","decl":{"start":{"line":36,"column":52},"end":{"line":36,"column":53}},"loc":{"start":{"line":36,"column":61},"end":{"line":36,"column":99}},"line":36},"7":{"name":"(anonymous_7)","decl":{"start":{"line":42,"column":76},"end":{"line":42,"column":77}},"loc":{"start":{"line":43,"column":24},"end":{"line":43,"column":95}},"line":43},"8":{"name":"(anonymous_8)","decl":{"start":{"line":43,"column":53},"end":{"line":43,"column":54}},"loc":{"start":{"line":43,"column":58},"end":{"line":43,"column":94}},"line":43},"9":{"name":"(anonymous_9)","decl":{"start":{"line":48,"column":66},"end":{"line":48,"column":67}},"loc":{"start":{"line":48,"column":71},"end":{"line":48,"column":75}},"line":48},"10":{"name":"(anonymous_10)","decl":{"start":{"line":67,"column":4},"end":{"line":67,"column":5}},"loc":{"start":{"line":67,"column":22},"end":{"line":76,"column":5}},"line":67},"11":{"name":"(anonymous_11)","decl":{"start":{"line":68,"column":32},"end":{"line":68,"column":33}},"loc":{"start":{"line":68,"column":40},"end":{"line":68,"column":69}},"line":68},"12":{"name":"(anonymous_12)","decl":{"start":{"line":68,"column":79},"end":{"line":68,"column":80}},"loc":{"start":{"line":68,"column":87},"end":{"line":73,"column":9}},"line":68},"13":{"name":"(anonymous_13)","decl":{"start":{"line":69,"column":60},"end":{"line":69,"column":61}},"loc":{"start":{"line":69,"column":65},"end":{"line":71,"column":13}},"line":69}},"branchMap":{"0":{"loc":{"start":{"line":7,"column":38},"end":{"line":7,"column":49}},"type":"default-arg","locations":[{"start":{"line":7,"column":47},"end":{"line":7,"column":49}}],"line":7},"1":{"loc":{"start":{"line":7,"column":51},"end":{"line":7,"column":59}},"type":"default-arg","locations":[{"start":{"line":7,"column":57},"end":{"line":7,"column":59}}],"line":7},"2":{"loc":{"start":{"line":8,"column":8},"end":{"line":10,"column":9}},"type":"if","locations":[{"start":{"line":8,"column":8},"end":{"line":10,"column":9}},{"start":{"line":8,"column":8},"end":{"line":10,"column":9}}],"line":8},"3":{"loc":{"start":{"line":8,"column":12},"end":{"line":8,"column":42}},"type":"binary-expr","locations":[{"start":{"line":8,"column":12},"end":{"line":8,"column":26}},{"start":{"line":8,"column":30},"end":{"line":8,"column":42}}],"line":8},"4":{"loc":{"start":{"line":12,"column":8},"end":{"line":19,"column":9}},"type":"if","locations":[{"start":{"line":12,"column":8},"end":{"line":19,"column":9}},{"start":{"line":12,"column":8},"end":{"line":19,"column":9}}],"line":12},"5":{"loc":{"start":{"line":13,"column":12},"end":{"line":15,"column":13}},"type":"if","locations":[{"start":{"line":13,"column":12},"end":{"line":15,"column":13}},{"start":{"line":13,"column":12},"end":{"line":15,"column":13}}],"line":13},"6":{"loc":{"start":{"line":46,"column":20},"end":{"line":59,"column":21}},"type":"if","locations":[{"start":{"line":46,"column":20},"end":{"line":59,"column":21}},{"start":{"line":46,"column":20},"end":{"line":59,"column":21}}],"line":46},"7":{"loc":{"start":{"line":47,"column":24},"end":{"line":58,"column":25}},"type":"if","locations":[{"start":{"line":47,"column":24},"end":{"line":58,"column":25}},{"start":{"line":47,"column":24},"end":{"line":58,"column":25}}],"line":47}},"s":{"0":3,"1":101,"2":239,"3":101,"4":3,"5":1060,"6":174796,"7":1060,"8":173736,"9":86868,"10":20299,"11":86868,"12":86868,"13":173736,"14":1060,"15":3,"16":3,"17":41,"18":120,"19":3240,"20":120,"21":1060,"22":1060,"23":20154,"24":136499,"25":263083,"26":20154,"27":101,"28":4,"29":13,"30":4,"31":4,"32":37,"33":4,"34":36,"35":13,"36":65,"37":13,"38":4},"f":{"0":101,"1":239,"2":1060,"3":174796,"4":3,"5":41,"6":3240,"7":136499,"8":263083,"9":13,"10":4,"11":36,"12":13,"13":65},"b":{"0":[1060],"1":[1060],"2":[1060,173736],"3":[174796,6970],"4":[86868,86868],"5":[20299,66569],"6":[101,20053],"7":[4,97]},"_coverageSchema":"332fd63041d2c1bcb487cc26dd0d5f7d97098a6c","hash":"679d552c2e629ee732bbef1bc9fba6935e2aaf0c"}
,"/Users/brendan/projects/sudoku/src/strategies/hiddenSingle.js": {"path":"/Users/brendan/projects/sudoku/src/strategies/hiddenSingle.js","statementMap":{"0":{"start":{"line":3,"column":8},"end":{"line":3,"column":35}},"1":{"start":{"line":4,"column":8},"end":{"line":4,"column":20}},"2":{"start":{"line":9,"column":30},"end":{"line":9,"column":79}},"3":{"start":{"line":9,"column":57},"end":{"line":9,"column":78}},"4":{"start":{"line":11,"column":8},"end":{"line":24,"column":9}},"5":{"start":{"line":12,"column":12},"end":{"line":23,"column":13}},"6":{"start":{"line":13,"column":36},"end":{"line":13,"column":87}},"7":{"start":{"line":13,"column":60},"end":{"line":13,"column":86}},"8":{"start":{"line":15,"column":16},"end":{"line":22,"column":17}},"9":{"start":{"line":16,"column":20},"end":{"line":21,"column":22}},"10":{"start":{"line":26,"column":8},"end":{"line":26,"column":25}},"11":{"start":{"line":30,"column":8},"end":{"line":30,"column":47}}},"fnMap":{"0":{"name":"(anonymous_0)","decl":{"start":{"line":2,"column":4},"end":{"line":2,"column":5}},"loc":{"start":{"line":2,"column":18},"end":{"line":5,"column":5}},"line":2},"1":{"name":"(anonymous_1)","decl":{"start":{"line":7,"column":4},"end":{"line":7,"column":5}},"loc":{"start":{"line":7,"column":15},"end":{"line":27,"column":5}},"line":7},"2":{"name":"(anonymous_2)","decl":{"start":{"line":9,"column":48},"end":{"line":9,"column":49}},"loc":{"start":{"line":9,"column":57},"end":{"line":9,"column":78}},"line":9},"3":{"name":"(anonymous_3)","decl":{"start":{"line":13,"column":55},"end":{"line":13,"column":56}},"loc":{"start":{"line":13,"column":60},"end":{"line":13,"column":86}},"line":13},"4":{"name":"(anonymous_4)","decl":{"start":{"line":29,"column":4},"end":{"line":29,"column":5}},"loc":{"start":{"line":29,"column":22},"end":{"line":31,"column":5}},"line":29}},"branchMap":{"0":{"loc":{"start":{"line":15,"column":16},"end":{"line":22,"column":17}},"type":"if","locations":[{"start":{"line":15,"column":16},"end":{"line":22,"column":17}},{"start":{"line":15,"column":16},"end":{"line":22,"column":17}}],"line":15}},"s":{"0":3,"1":3,"2":140,"3":3780,"4":140,"5":1866,"6":8866,"7":79794,"8":8866,"9":76,"10":64,"11":76},"f":{"0":3,"1":140,"2":3780,"3":79794,"4":76},"b":{"0":[76,8790]},"_coverageSchema":"332fd63041d2c1bcb487cc26dd0d5f7d97098a6c","hash":"bfb2d1a5538e873391c48842104c60e5506f1c09"}
,"/Users/brendan/projects/sudoku/src/strategies/lockedCandidate.js": {"path":"/Users/brendan/projects/sudoku/src/strategies/lockedCandidate.js","statementMap":{"0":{"start":{"line":7,"column":8},"end":{"line":7,"column":38}},"1":{"start":{"line":8,"column":8},"end":{"line":8,"column":20}},"2":{"start":{"line":12,"column":30},"end":{"line":12,"column":79}},"3":{"start":{"line":12,"column":57},"end":{"line":12,"column":78}},"4":{"start":{"line":14,"column":8},"end":{"line":85,"column":9}},"5":{"start":{"line":15,"column":12},"end":{"line":84,"column":13}},"6":{"start":{"line":18,"column":20},"end":{"line":39,"column":21}},"7":{"start":{"line":19,"column":44},"end":{"line":19,"column":95}},"8":{"start":{"line":19,"column":68},"end":{"line":19,"column":94}},"9":{"start":{"line":21,"column":24},"end":{"line":38,"column":25}},"10":{"start":{"line":22,"column":28},"end":{"line":37,"column":29}},"11":{"start":{"line":23,"column":47},"end":{"line":23,"column":72}},"12":{"start":{"line":24,"column":44},"end":{"line":24,"column":111}},"13":{"start":{"line":24,"column":84},"end":{"line":24,"column":110}},"14":{"start":{"line":26,"column":32},"end":{"line":36,"column":33}},"15":{"start":{"line":27,"column":49},"end":{"line":27,"column":70}},"16":{"start":{"line":28,"column":46},"end":{"line":28,"column":74}},"17":{"start":{"line":28,"column":69},"end":{"line":28,"column":73}},"18":{"start":{"line":29,"column":36},"end":{"line":35,"column":38}},"19":{"start":{"line":40,"column":20},"end":{"line":40,"column":26}},"20":{"start":{"line":43,"column":20},"end":{"line":81,"column":21}},"21":{"start":{"line":44,"column":44},"end":{"line":44,"column":95}},"22":{"start":{"line":44,"column":68},"end":{"line":44,"column":94}},"23":{"start":{"line":46,"column":24},"end":{"line":80,"column":25}},"24":{"start":{"line":47,"column":28},"end":{"line":62,"column":29}},"25":{"start":{"line":48,"column":44},"end":{"line":48,"column":66}},"26":{"start":{"line":49,"column":44},"end":{"line":49,"column":105}},"27":{"start":{"line":49,"column":78},"end":{"line":49,"column":104}},"28":{"start":{"line":51,"column":32},"end":{"line":61,"column":33}},"29":{"start":{"line":52,"column":49},"end":{"line":52,"column":64}},"30":{"start":{"line":53,"column":46},"end":{"line":53,"column":74}},"31":{"start":{"line":53,"column":69},"end":{"line":53,"column":73}},"32":{"start":{"line":54,"column":36},"end":{"line":60,"column":38}},"33":{"start":{"line":64,"column":28},"end":{"line":79,"column":29}},"34":{"start":{"line":65,"column":47},"end":{"line":65,"column":72}},"35":{"start":{"line":66,"column":44},"end":{"line":66,"column":111}},"36":{"start":{"line":66,"column":84},"end":{"line":66,"column":110}},"37":{"start":{"line":68,"column":32},"end":{"line":78,"column":33}},"38":{"start":{"line":69,"column":49},"end":{"line":69,"column":70}},"39":{"start":{"line":70,"column":46},"end":{"line":70,"column":74}},"40":{"start":{"line":70,"column":69},"end":{"line":70,"column":73}},"41":{"start":{"line":71,"column":36},"end":{"line":77,"column":38}},"42":{"start":{"line":83,"column":20},"end":{"line":83,"column":26}},"43":{"start":{"line":87,"column":8},"end":{"line":87,"column":25}},"44":{"start":{"line":91,"column":8},"end":{"line":96,"column":15}},"45":{"start":{"line":92,"column":25},"end":{"line":92,"column":54}},"46":{"start":{"line":93,"column":25},"end":{"line":93,"column":56}},"47":{"start":{"line":95,"column":16},"end":{"line":95,"column":51}},"48":{"start":{"line":98,"column":8},"end":{"line":98,"column":20}}},"fnMap":{"0":{"name":"(anonymous_0)","decl":{"start":{"line":6,"column":4},"end":{"line":6,"column":5}},"loc":{"start":{"line":6,"column":18},"end":{"line":9,"column":5}},"line":6},"1":{"name":"(anonymous_1)","decl":{"start":{"line":11,"column":4},"end":{"line":11,"column":5}},"loc":{"start":{"line":11,"column":15},"end":{"line":88,"column":5}},"line":11},"2":{"name":"(anonymous_2)","decl":{"start":{"line":12,"column":48},"end":{"line":12,"column":49}},"loc":{"start":{"line":12,"column":57},"end":{"line":12,"column":78}},"line":12},"3":{"name":"(anonymous_3)","decl":{"start":{"line":19,"column":63},"end":{"line":19,"column":64}},"loc":{"start":{"line":19,"column":68},"end":{"line":19,"column":94}},"line":19},"4":{"name":"(anonymous_4)","decl":{"start":{"line":24,"column":79},"end":{"line":24,"column":80}},"loc":{"start":{"line":24,"column":84},"end":{"line":24,"column":110}},"line":24},"5":{"name":"(anonymous_5)","decl":{"start":{"line":28,"column":64},"end":{"line":28,"column":65}},"loc":{"start":{"line":28,"column":69},"end":{"line":28,"column":73}},"line":28},"6":{"name":"(anonymous_6)","decl":{"start":{"line":44,"column":63},"end":{"line":44,"column":64}},"loc":{"start":{"line":44,"column":68},"end":{"line":44,"column":94}},"line":44},"7":{"name":"(anonymous_7)","decl":{"start":{"line":49,"column":73},"end":{"line":49,"column":74}},"loc":{"start":{"line":49,"column":78},"end":{"line":49,"column":104}},"line":49},"8":{"name":"(anonymous_8)","decl":{"start":{"line":53,"column":64},"end":{"line":53,"column":65}},"loc":{"start":{"line":53,"column":69},"end":{"line":53,"column":73}},"line":53},"9":{"name":"(anonymous_9)","decl":{"start":{"line":66,"column":79},"end":{"line":66,"column":80}},"loc":{"start":{"line":66,"column":84},"end":{"line":66,"column":110}},"line":66},"10":{"name":"(anonymous_10)","decl":{"start":{"line":70,"column":64},"end":{"line":70,"column":65}},"loc":{"start":{"line":70,"column":69},"end":{"line":70,"column":73}},"line":70},"11":{"name":"(anonymous_11)","decl":{"start":{"line":90,"column":4},"end":{"line":90,"column":5}},"loc":{"start":{"line":90,"column":22},"end":{"line":99,"column":5}},"line":90},"12":{"name":"(anonymous_12)","decl":{"start":{"line":92,"column":20},"end":{"line":92,"column":21}},"loc":{"start":{"line":92,"column":25},"end":{"line":92,"column":54}},"line":92},"13":{"name":"(anonymous_13)","decl":{"start":{"line":93,"column":20},"end":{"line":93,"column":21}},"loc":{"start":{"line":93,"column":25},"end":{"line":93,"column":56}},"line":93},"14":{"name":"(anonymous_14)","decl":{"start":{"line":94,"column":21},"end":{"line":94,"column":22}},"loc":{"start":{"line":94,"column":26},"end":{"line":96,"column":13}},"line":94}},"branchMap":{"0":{"loc":{"start":{"line":15,"column":12},"end":{"line":84,"column":13}},"type":"switch","locations":[{"start":{"line":16,"column":16},"end":{"line":16,"column":27}},{"start":{"line":17,"column":16},"end":{"line":40,"column":26}},{"start":{"line":42,"column":16},"end":{"line":83,"column":26}}],"line":15},"1":{"loc":{"start":{"line":21,"column":24},"end":{"line":38,"column":25}},"type":"if","locations":[{"start":{"line":21,"column":24},"end":{"line":38,"column":25}},{"start":{"line":21,"column":24},"end":{"line":38,"column":25}}],"line":21},"2":{"loc":{"start":{"line":22,"column":28},"end":{"line":37,"column":29}},"type":"if","locations":[{"start":{"line":22,"column":28},"end":{"line":37,"column":29}},{"start":{"line":22,"column":28},"end":{"line":37,"column":29}}],"line":22},"3":{"loc":{"start":{"line":26,"column":32},"end":{"line":36,"column":33}},"type":"if","locations":[{"start":{"line":26,"column":32},"end":{"line":36,"column":33}},{"start":{"line":26,"column":32},"end":{"line":36,"column":33}}],"line":26},"4":{"loc":{"start":{"line":46,"column":24},"end":{"line":80,"column":25}},"type":"if","locations":[{"start":{"line":46,"column":24},"end":{"line":80,"column":25}},{"start":{"line":46,"column":24},"end":{"line":80,"column":25}}],"line":46},"5":{"loc":{"start":{"line":47,"column":28},"end":{"line":62,"column":29}},"type":"if","locations":[{"start":{"line":47,"column":28},"end":{"line":62,"column":29}},{"start":{"line":47,"column":28},"end":{"line":62,"column":29}}],"line":47},"6":{"loc":{"start":{"line":51,"column":32},"end":{"line":61,"column":33}},"type":"if","locations":[{"start":{"line":51,"column":32},"end":{"line":61,"column":33}},{"start":{"line":51,"column":32},"end":{"line":61,"column":33}}],"line":51},"7":{"loc":{"start":{"line":64,"column":28},"end":{"line":79,"column":29}},"type":"if","locations":[{"start":{"line":64,"column":28},"end":{"line":79,"column":29}},{"start":{"line":64,"column":28},"end":{"line":79,"column":29}}],"line":64},"8":{"loc":{"start":{"line":68,"column":32},"end":{"line":78,"column":33}},"type":"if","locations":[{"start":{"line":68,"column":32},"end":{"line":78,"column":33}},{"start":{"line":68,"column":32},"end":{"line":78,"column":33}}],"line":68}},"s":{"0":3,"1":3,"2":37,"3":999,"4":37,"5":374,"6":293,"7":1139,"8":10251,"9":1139,"10":1121,"11":241,"12":241,"13":2169,"14":241,"15":15,"16":15,"17":33,"18":15,"19":278,"20":81,"21":293,"22":2637,"23":293,"24":284,"25":61,"26":61,"27":549,"28":61,"29":1,"30":1,"31":2,"32":1,"33":283,"34":69,"35":69,"36":621,"37":69,"38":1,"39":1,"40":2,"41":1,"42":79,"43":20,"44":17,"45":153,"46":116,"47":27,"48":17},"f":{"0":3,"1":37,"2":999,"3":10251,"4":2169,"5":33,"6":2637,"7":549,"8":2,"9":621,"10":2,"11":17,"12":153,"13":116,"14":27},"b":{"0":[169,293,81],"1":[1121,18],"2":[241,880],"3":[15,226],"4":[284,9],"5":[61,223],"6":[1,60],"7":[69,214],"8":[1,68]},"_coverageSchema":"332fd63041d2c1bcb487cc26dd0d5f7d97098a6c","hash":"bd2ae442d3a03b4124a302597a999841d98c9902"}
,"/Users/brendan/projects/sudoku/src/strategies/naked.js": {"path":"/Users/brendan/projects/sudoku/src/strategies/naked.js","statementMap":{"0":{"start":{"line":1,"column":22},"end":{"line":7,"column":1}},"1":{"start":{"line":2,"column":16},"end":{"line":4,"column":82}},"2":{"start":{"line":3,"column":24},"end":{"line":3,"column":50}},"3":{"start":{"line":4,"column":24},"end":{"line":4,"column":81}},"4":{"start":{"line":4,"column":58},"end":{"line":4,"column":80}},"5":{"start":{"line":6,"column":4},"end":{"line":6,"column":17}},"6":{"start":{"line":9,"column":30},"end":{"line":11,"column":1}},"7":{"start":{"line":10,"column":4},"end":{"line":10,"column":53}},"8":{"start":{"line":15,"column":8},"end":{"line":15,"column":28}},"9":{"start":{"line":16,"column":8},"end":{"line":16,"column":20}},"10":{"start":{"line":22,"column":8},"end":{"line":51,"column":9}},"11":{"start":{"line":23,"column":12},"end":{"line":23,"column":83}},"12":{"start":{"line":23,"column":57},"end":{"line":23,"column":81}},"13":{"start":{"line":25,"column":12},"end":{"line":50,"column":13}},"14":{"start":{"line":26,"column":47},"end":{"line":28,"column":57}},"15":{"start":{"line":27,"column":36},"end":{"line":27,"column":67}},"16":{"start":{"line":28,"column":33},"end":{"line":28,"column":56}},"17":{"start":{"line":30,"column":16},"end":{"line":49,"column":17}},"18":{"start":{"line":31,"column":50},"end":{"line":33,"column":21}},"19":{"start":{"line":32,"column":24},"end":{"line":32,"column":95}},"20":{"start":{"line":32,"column":59},"end":{"line":32,"column":94}},"21":{"start":{"line":35,"column":20},"end":{"line":48,"column":21}},"22":{"start":{"line":36,"column":33},"end":{"line":36,"column":71}},"23":{"start":{"line":36,"column":66},"end":{"line":36,"column":70}},"24":{"start":{"line":37,"column":37},"end":{"line":37,"column":56}},"25":{"start":{"line":39,"column":24},"end":{"line":47,"column":25}},"26":{"start":{"line":40,"column":28},"end":{"line":46,"column":30}},"27":{"start":{"line":53,"column":8},"end":{"line":53,"column":25}},"28":{"start":{"line":57,"column":8},"end":{"line":59,"column":11}},"29":{"start":{"line":58,"column":12},"end":{"line":58,"column":70}},"30":{"start":{"line":61,"column":8},"end":{"line":61,"column":20}}},"fnMap":{"0":{"name":"(anonymous_0)","decl":{"start":{"line":1,"column":22},"end":{"line":1,"column":23}},"loc":{"start":{"line":1,"column":45},"end":{"line":7,"column":1}},"line":1},"1":{"name":"(anonymous_1)","decl":{"start":{"line":3,"column":16},"end":{"line":3,"column":17}},"loc":{"start":{"line":3,"column":24},"end":{"line":3,"column":50}},"line":3},"2":{"name":"(anonymous_2)","decl":{"start":{"line":4,"column":16},"end":{"line":4,"column":17}},"loc":{"start":{"line":4,"column":24},"end":{"line":4,"column":81}},"line":4},"3":{"name":"(anonymous_3)","decl":{"start":{"line":4,"column":53},"end":{"line":4,"column":54}},"loc":{"start":{"line":4,"column":58},"end":{"line":4,"column":80}},"line":4},"4":{"name":"(anonymous_4)","decl":{"start":{"line":9,"column":30},"end":{"line":9,"column":31}},"loc":{"start":{"line":9,"column":53},"end":{"line":11,"column":1}},"line":9},"5":{"name":"(anonymous_5)","decl":{"start":{"line":14,"column":4},"end":{"line":14,"column":5}},"loc":{"start":{"line":14,"column":18},"end":{"line":17,"column":5}},"line":14},"6":{"name":"(anonymous_6)","decl":{"start":{"line":19,"column":4},"end":{"line":19,"column":5}},"loc":{"start":{"line":19,"column":15},"end":{"line":54,"column":5}},"line":19},"7":{"name":"(anonymous_7)","decl":{"start":{"line":23,"column":48},"end":{"line":23,"column":49}},"loc":{"start":{"line":23,"column":57},"end":{"line":23,"column":81}},"line":23},"8":{"name":"(anonymous_8)","decl":{"start":{"line":27,"column":28},"end":{"line":27,"column":29}},"loc":{"start":{"line":27,"column":36},"end":{"line":27,"column":67}},"line":27},"9":{"name":"(anonymous_9)","decl":{"start":{"line":28,"column":25},"end":{"line":28,"column":26}},"loc":{"start":{"line":28,"column":33},"end":{"line":28,"column":56}},"line":28},"10":{"name":"(anonymous_10)","decl":{"start":{"line":31,"column":75},"end":{"line":31,"column":76}},"loc":{"start":{"line":32,"column":24},"end":{"line":32,"column":95}},"line":32},"11":{"name":"(anonymous_11)","decl":{"start":{"line":32,"column":54},"end":{"line":32,"column":55}},"loc":{"start":{"line":32,"column":59},"end":{"line":32,"column":94}},"line":32},"12":{"name":"(anonymous_12)","decl":{"start":{"line":36,"column":61},"end":{"line":36,"column":62}},"loc":{"start":{"line":36,"column":66},"end":{"line":36,"column":70}},"line":36},"13":{"name":"(anonymous_13)","decl":{"start":{"line":56,"column":4},"end":{"line":56,"column":5}},"loc":{"start":{"line":56,"column":22},"end":{"line":62,"column":5}},"line":56},"14":{"name":"(anonymous_14)","decl":{"start":{"line":57,"column":64},"end":{"line":57,"column":65}},"loc":{"start":{"line":57,"column":69},"end":{"line":59,"column":9}},"line":57}},"branchMap":{"0":{"loc":{"start":{"line":35,"column":20},"end":{"line":48,"column":21}},"type":"if","locations":[{"start":{"line":35,"column":20},"end":{"line":48,"column":21}},{"start":{"line":35,"column":20},"end":{"line":48,"column":21}}],"line":35},"1":{"loc":{"start":{"line":39,"column":24},"end":{"line":47,"column":25}},"type":"if","locations":[{"start":{"line":39,"column":24},"end":{"line":47,"column":25}},{"start":{"line":39,"column":24},"end":{"line":47,"column":25}}],"line":39}},"s":{"0":3,"1":336,"2":3024,"3":2277,"4":2201,"5":336,"6":3,"7":313,"8":3,"9":3,"10":64,"11":155,"12":4185,"13":155,"14":1946,"15":17514,"16":12132,"17":1946,"18":12046,"19":61781,"20":83932,"21":12046,"22":313,"23":692,"24":313,"25":313,"26":23,"27":41,"28":23,"29":54,"30":23},"f":{"0":336,"1":3024,"2":2277,"3":2201,"4":313,"5":3,"6":64,"7":4185,"8":17514,"9":12132,"10":61781,"11":83932,"12":692,"13":23,"14":54},"b":{"0":[313,11733],"1":[23,290]},"_coverageSchema":"332fd63041d2c1bcb487cc26dd0d5f7d97098a6c","hash":"96431a3538d8841ea5466103e5a63578b484f2fb"}
,"/Users/brendan/projects/sudoku/src/strategies/nakedSingle.js": {"path":"/Users/brendan/projects/sudoku/src/strategies/nakedSingle.js","statementMap":{"0":{"start":{"line":1,"column":15},"end":{"line":30,"column":1}},"1":{"start":{"line":2,"column":15},"end":{"line":2,"column":17}},"2":{"start":{"line":5,"column":4},"end":{"line":13,"column":5}},"3":{"start":{"line":6,"column":22},"end":{"line":6,"column":44}},"4":{"start":{"line":7,"column":25},"end":{"line":7,"column":55}},"5":{"start":{"line":9,"column":8},"end":{"line":12,"column":9}},"6":{"start":{"line":9,"column":35},"end":{"line":9,"column":46}},"7":{"start":{"line":10,"column":12},"end":{"line":10,"column":70}},"8":{"start":{"line":10,"column":42},"end":{"line":10,"column":53}},"9":{"start":{"line":10,"column":64},"end":{"line":10,"column":68}},"10":{"start":{"line":11,"column":12},"end":{"line":11,"column":24}},"11":{"start":{"line":16,"column":16},"end":{"line":16,"column":32}},"12":{"start":{"line":18,"column":4},"end":{"line":27,"column":5}},"13":{"start":{"line":19,"column":21},"end":{"line":22,"column":27}},"14":{"start":{"line":20,"column":25},"end":{"line":20,"column":38}},"15":{"start":{"line":21,"column":22},"end":{"line":21,"column":26}},"16":{"start":{"line":24,"column":8},"end":{"line":26,"column":9}},"17":{"start":{"line":25,"column":12},"end":{"line":25,"column":30}},"18":{"start":{"line":29,"column":4},"end":{"line":29,"column":16}},"19":{"start":{"line":34,"column":8},"end":{"line":34,"column":34}},"20":{"start":{"line":35,"column":8},"end":{"line":35,"column":20}},"21":{"start":{"line":39,"column":29},"end":{"line":39,"column":85}},"22":{"start":{"line":39,"column":55},"end":{"line":39,"column":84}},"23":{"start":{"line":41,"column":8},"end":{"line":47,"column":9}},"24":{"start":{"line":42,"column":23},"end":{"line":42,"column":40}},"25":{"start":{"line":43,"column":24},"end":{"line":43,"column":64}},"26":{"start":{"line":44,"column":23},"end":{"line":44,"column":41}},"27":{"start":{"line":46,"column":12},"end":{"line":46,"column":77}},"28":{"start":{"line":49,"column":8},"end":{"line":49,"column":25}},"29":{"start":{"line":53,"column":8},"end":{"line":53,"column":47}}},"fnMap":{"0":{"name":"(anonymous_0)","decl":{"start":{"line":1,"column":15},"end":{"line":1,"column":16}},"loc":{"start":{"line":1,"column":31},"end":{"line":30,"column":1}},"line":1},"1":{"name":"(anonymous_1)","decl":{"start":{"line":9,"column":30},"end":{"line":9,"column":31}},"loc":{"start":{"line":9,"column":35},"end":{"line":9,"column":46}},"line":9},"2":{"name":"(anonymous_2)","decl":{"start":{"line":10,"column":37},"end":{"line":10,"column":38}},"loc":{"start":{"line":10,"column":42},"end":{"line":10,"column":53}},"line":10},"3":{"name":"(anonymous_3)","decl":{"start":{"line":10,"column":59},"end":{"line":10,"column":60}},"loc":{"start":{"line":10,"column":64},"end":{"line":10,"column":68}},"line":10},"4":{"name":"(anonymous_4)","decl":{"start":{"line":20,"column":20},"end":{"line":20,"column":21}},"loc":{"start":{"line":20,"column":25},"end":{"line":20,"column":38}},"line":20},"5":{"name":"(anonymous_5)","decl":{"start":{"line":21,"column":17},"end":{"line":21,"column":18}},"loc":{"start":{"line":21,"column":22},"end":{"line":21,"column":26}},"line":21},"6":{"name":"(anonymous_6)","decl":{"start":{"line":33,"column":4},"end":{"line":33,"column":5}},"loc":{"start":{"line":33,"column":18},"end":{"line":36,"column":5}},"line":33},"7":{"name":"(anonymous_7)","decl":{"start":{"line":38,"column":4},"end":{"line":38,"column":5}},"loc":{"start":{"line":38,"column":15},"end":{"line":50,"column":5}},"line":38},"8":{"name":"(anonymous_8)","decl":{"start":{"line":39,"column":47},"end":{"line":39,"column":48}},"loc":{"start":{"line":39,"column":55},"end":{"line":39,"column":84}},"line":39},"9":{"name":"(anonymous_9)","decl":{"start":{"line":52,"column":4},"end":{"line":52,"column":5}},"loc":{"start":{"line":52,"column":22},"end":{"line":54,"column":5}},"line":52}},"branchMap":{"0":{"loc":{"start":{"line":9,"column":8},"end":{"line":12,"column":9}},"type":"if","locations":[{"start":{"line":9,"column":8},"end":{"line":12,"column":9}},{"start":{"line":9,"column":8},"end":{"line":12,"column":9}}],"line":9},"1":{"loc":{"start":{"line":24,"column":8},"end":{"line":26,"column":9}},"type":"if","locations":[{"start":{"line":24,"column":8},"end":{"line":26,"column":9}},{"start":{"line":24,"column":8},"end":{"line":26,"column":9}}],"line":24},"2":{"loc":{"start":{"line":41,"column":8},"end":{"line":47,"column":9}},"type":"if","locations":[{"start":{"line":41,"column":8},"end":{"line":47,"column":9}},{"start":{"line":41,"column":8},"end":{"line":47,"column":9}}],"line":41}},"s":{"0":3,"1":368,"2":368,"3":876,"4":876,"5":876,"6":7884,"7":175,"8":1575,"9":1400,"10":175,"11":193,"12":193,"13":1737,"14":36477,"15":2554,"16":1737,"17":1495,"18":193,"19":3,"20":3,"21":508,"22":41148,"23":508,"24":368,"25":368,"26":368,"27":368,"28":140,"29":368},"f":{"0":368,"1":7884,"2":1575,"3":1400,"4":36477,"5":2554,"6":3,"7":508,"8":41148,"9":368},"b":{"0":[175,701],"1":[1495,242],"2":[368,140]},"_coverageSchema":"332fd63041d2c1bcb487cc26dd0d5f7d97098a6c","hash":"6d1a08e2c59ce5827827776620dbf93f1d2688d6"}
}
