TN:
SF:/Users/brendan/projects/sudoku/src/Cell.js
FN:2,(anonymous_0)
FN:18,(anonymous_1)
FN:22,(anonymous_2)
FN:32,(anonymous_3)
FN:32,(anonymous_4)
FN:34,(anonymous_5)
FN:35,(anonymous_6)
FN:37,(anonymous_7)
FN:38,(anonymous_8)
FN:43,(anonymous_9)
FN:47,(anonymous_10)
FN:56,(anonymous_11)
FN:56,(anonymous_12)
FN:57,(anonymous_13)
FN:57,(anonymous_14)
FN:58,(anonymous_15)
FN:58,(anonymous_16)
FN:62,(anonymous_17)
FN:65,(anonymous_18)
FN:73,(anonymous_19)
FNF:20
FNH:20
FNDA:1053,(anonymous_0)
FNDA:21306111,(anonymous_1)
FNDA:444,(anonymous_2)
FNDA:3996,(anonymous_3)
FNDA:3552,(anonymous_4)
FNDA:3996,(anonymous_5)
FNDA:3552,(anonymous_6)
FNDA:3996,(anonymous_7)
FNDA:3552,(anonymous_8)
FNDA:959985,(anonymous_9)
FNDA:959985,(anonymous_10)
FNDA:5433489,(anonymous_11)
FNDA:5433489,(anonymous_12)
FNDA:5433489,(anonymous_13)
FNDA:5433489,(anonymous_14)
FNDA:5433489,(anonymous_15)
FNDA:5433489,(anonymous_16)
FNDA:4990370,(anonymous_17)
FNDA:12051,(anonymous_18)
FNDA:48,(anonymous_19)
DA:3,1053
DA:4,1053
DA:5,1053
DA:6,1053
DA:7,1053
DA:8,1053
DA:9,1053
DA:10,1053
DA:11,1053
DA:12,1053
DA:13,1053
DA:15,1053
DA:19,21306111
DA:23,444
DA:24,444
DA:26,444
DA:27,444
DA:29,444
DA:30,444
DA:32,3996
DA:33,444
DA:34,3996
DA:35,3552
DA:36,444
DA:37,3996
DA:38,3552
DA:40,444
DA:44,959985
DA:48,959985
DA:49,356264
DA:52,603721
DA:53,603721
DA:54,443220
DA:56,5433489
DA:57,5433489
DA:58,5433489
DA:60,603721
DA:62,4990370
DA:66,12051
DA:67,12051
DA:68,12051
DA:70,12051
DA:74,48
DA:76,48
LF:44
LH:44
BRDA:48,0,0,356264
BRDA:48,0,1,603721
BRF:2
BRH:2
end_of_record
TN:
SF:/Users/brendan/projects/sudoku/src/Column.js
FN:4,(anonymous_0)
FN:11,isColumn
FN:12,(anonymous_2)
FNF:3
FNH:3
FNDA:117,(anonymous_0)
FNDA:283,isColumn
FNDA:591,(anonymous_2)
DA:5,117
DA:6,117
DA:7,117
DA:12,591
LF:4
LH:4
BRF:0
BRH:0
end_of_record
TN:
SF:/Users/brendan/projects/sudoku/src/Grid.js
FN:7,(anonymous_0)
FN:23,(anonymous_1)
FN:42,(anonymous_2)
FN:43,(anonymous_3)
FN:46,(anonymous_4)
FN:47,(anonymous_5)
FN:50,(anonymous_6)
FN:51,(anonymous_7)
FNF:8
FNH:8
FNDA:13,(anonymous_0)
FNDA:13,(anonymous_1)
FNDA:117,(anonymous_2)
FNDA:9477,(anonymous_3)
FNDA:117,(anonymous_4)
FNDA:9477,(anonymous_5)
FNDA:117,(anonymous_6)
FNDA:9477,(anonymous_7)
DA:8,13
DA:9,13
DA:10,13
DA:11,13
DA:12,13
DA:14,13
DA:15,117
DA:16,117
DA:17,117
DA:20,13
DA:24,13
DA:25,13
DA:26,13
DA:28,13
DA:29,117
DA:32,13
DA:33,117
DA:34,1053
DA:35,1053
DA:39,13
DA:43,9477
DA:47,9477
DA:51,9477
LF:23
LH:23
BRF:0
BRH:0
end_of_record
TN:
SF:/Users/brendan/projects/sudoku/src/House.js
FN:2,(anonymous_0)
FN:10,(anonymous_1)
FN:14,(anonymous_2)
FN:17,(anonymous_3)
FN:20,(anonymous_4)
FN:21,(anonymous_5)
FN:24,(anonymous_6)
FN:25,(anonymous_7)
FN:28,(anonymous_8)
FN:29,(anonymous_9)
FN:32,(anonymous_10)
FN:36,(anonymous_11)
FN:36,(anonymous_12)
FNF:13
FNH:13
FNDA:351,(anonymous_0)
FNDA:4599,(anonymous_1)
FNDA:28198,(anonymous_2)
FNDA:253782,(anonymous_3)
FNDA:255114,(anonymous_4)
FNDA:1372416,(anonymous_5)
FNDA:259713,(anonymous_6)
FNDA:2337417,(anonymous_7)
FNDA:32200,(anonymous_8)
FNDA:289800,(anonymous_9)
FNDA:10903,(anonymous_10)
FNDA:339039,(anonymous_11)
FNDA:65884,(anonymous_12)
DA:3,351
DA:4,351
DA:5,351
DA:7,351
DA:11,4599
DA:15,28198
DA:17,253782
DA:21,1372416
DA:25,2337417
DA:29,289800
DA:33,10903
DA:35,10903
DA:36,339039
DA:37,65884
DA:43,37671
DA:44,29353
DA:48,10903
LF:17
LH:17
BRDA:36,0,0,339039
BRDA:36,0,1,81666
BRDA:43,1,0,29353
BRDA:43,1,1,8318
BRF:4
BRH:4
end_of_record
TN:
SF:/Users/brendan/projects/sudoku/src/Row.js
FN:4,(anonymous_0)
FN:12,isRow
FN:13,(anonymous_2)
FNF:3
FNH:3
FNDA:117,(anonymous_0)
FNDA:284,isRow
FNDA:646,(anonymous_2)
DA:5,117
DA:6,117
DA:8,117
DA:13,646
LF:4
LH:4
BRF:0
BRH:0
end_of_record
TN:
SF:/Users/brendan/projects/sudoku/src/Solver.js
FN:22,(anonymous_0)
FN:28,(anonymous_1)
FN:39,(anonymous_2)
FN:50,(anonymous_3)
FN:63,(anonymous_4)
FN:69,(anonymous_5)
FN:70,(anonymous_6)
FNF:7
FNH:7
FNDA:13,(anonymous_0)
FNDA:511,(anonymous_1)
FNDA:508,(anonymous_2)
FNDA:13,(anonymous_3)
FNDA:495,(anonymous_4)
FNDA:10,(anonymous_5)
FNDA:90,(anonymous_6)
DA:11,3
DA:12,3
DA:13,3
DA:14,3
DA:15,3
DA:16,3
DA:17,3
DA:19,3
DA:23,13
DA:25,13
DA:29,511
DA:30,511
DA:31,4599
DA:32,3204
DA:36,511
DA:42,508
DA:43,827
DA:44,827
DA:45,495
DA:51,13
DA:52,13
DA:54,13
DA:55,495
DA:56,495
DA:57,495
DA:60,13
DA:64,495
DA:66,495
DA:70,90
LF:29
LH:29
BRDA:31,0,0,3204
BRDA:31,0,1,1395
BRDA:44,1,0,495
BRDA:44,1,1,332
BRDA:54,2,0,508
BRDA:54,2,1,501
BRF:6
BRH:6
end_of_record
TN:
SF:/Users/brendan/projects/sudoku/src/Square.js
FN:4,(anonymous_0)
FN:12,isSquare
FN:13,(anonymous_2)
FNF:3
FNH:3
FNDA:117,(anonymous_0)
FNDA:1121,isSquare
FNDA:2655,(anonymous_2)
DA:5,117
DA:6,117
DA:8,117
DA:13,2655
LF:4
LH:4
BRF:0
BRH:0
end_of_record
TN:
SF:/Users/brendan/projects/sudoku/src/isValid.js
FN:3,isValid
FN:4,hasDuplicates
FN:33,(anonymous_2)
FN:54,(anonymous_3)
FNF:4
FNH:4
FNDA:11,isValid
FNDA:117,hasDuplicates
FNDA:720,(anonymous_2)
FNDA:1080,(anonymous_3)
DA:5,117
DA:8,11
DA:9,11
DA:10,11
DA:11,11
DA:12,11
DA:13,11
DA:14,99
DA:15,99
DA:16,99
DA:19,11
DA:20,1
DA:23,10
DA:24,10
DA:25,82
DA:26,82
DA:27,2
DA:33,720
DA:35,80
DA:36,1
DA:42,79
DA:43,79
DA:44,711
DA:46,711
DA:47,711
DA:51,7
DA:52,16
DA:53,16
DA:54,1080
DA:56,120
DA:57,117
DA:58,117
DA:59,3
DA:67,13
DA:68,1
DA:75,3
DA:77,3
DA:78,1
DA:81,2
LF:39
LH:39
BRDA:19,0,0,1
BRDA:19,0,1,10
BRDA:26,1,0,2
BRDA:26,1,1,80
BRDA:35,2,0,1
BRDA:35,2,1,79
BRDA:56,3,0,117
BRDA:56,3,1,3
BRDA:58,4,0,3
BRDA:58,4,1,114
BRDA:67,5,0,1
BRDA:67,5,1,12
BRDA:77,6,0,1
BRDA:77,6,1,2
BRF:14
BRH:14
end_of_record
TN:
SF:/Users/brendan/projects/sudoku/src/strategies/XYChain.js
FN:1,(anonymous_0)
FN:2,(anonymous_1)
FN:4,(anonymous_2)
FN:5,(anonymous_3)
FN:17,(anonymous_4)
FN:18,(anonymous_5)
FN:18,(anonymous_6)
FN:20,(anonymous_7)
FN:21,(anonymous_8)
FN:26,(anonymous_9)
FN:65,(anonymous_10)
FN:70,(anonymous_11)
FN:71,(anonymous_12)
FN:75,(anonymous_13)
FN:76,(anonymous_14)
FN:80,(anonymous_15)
FN:81,(anonymous_16)
FN:83,(anonymous_17)
FN:85,(anonymous_18)
FN:102,(anonymous_19)
FN:107,(anonymous_20)
FN:108,(anonymous_21)
FN:109,(anonymous_22)
FNF:23
FNH:23
FNDA:4894,(anonymous_0)
FNDA:535,(anonymous_1)
FNDA:11235,(anonymous_2)
FNDA:6239,(anonymous_3)
FNDA:4552,(anonymous_4)
FNDA:9124,(anonymous_5)
FNDA:9124,(anonymous_6)
FNDA:9104,(anonymous_7)
FNDA:9104,(anonymous_8)
FNDA:64235,(anonymous_9)
FNDA:3,(anonymous_10)
FNDA:17,(anonymous_11)
FNDA:459,(anonymous_12)
FNDA:68526,(anonymous_13)
FNDA:1499,(anonymous_14)
FNDA:1239,(anonymous_15)
FNDA:4663,(anonymous_16)
FNDA:684,(anonymous_17)
FNDA:4321,(anonymous_18)
FNDA:4,(anonymous_19)
FNDA:84,(anonymous_20)
FNDA:84,(anonymous_21)
FNDA:15,(anonymous_22)
DA:1,3
DA:2,4894
DA:3,535
DA:4,11235
DA:5,6239
DA:7,535
DA:8,535
DA:9,535
DA:11,535
DA:12,4
DA:13,4
DA:17,4894
DA:18,9124
DA:19,4552
DA:20,9104
DA:21,9104
DA:23,4552
DA:26,64235
DA:35,4894
DA:36,4894
DA:38,4894
DA:39,2242
DA:42,2652
DA:43,535
DA:46,2117
DA:47,1878
DA:51,2117
DA:52,800
DA:56,2117
DA:57,1874
DA:61,2652
DA:66,3
DA:67,3
DA:71,459
DA:73,17
DA:74,97
DA:75,68526
DA:76,1499
DA:78,846
DA:79,342
DA:80,1239
DA:81,4663
DA:83,684
DA:84,342
DA:85,4321
DA:87,342
DA:88,4
DA:99,13
DA:103,4
DA:104,4
DA:106,4
DA:107,84
DA:108,84
DA:110,15
DA:113,4
LF:55
LH:55
BRDA:1,0,0,342
BRDA:1,1,0,342
BRDA:1,2,0,342
BRDA:11,3,0,4
BRDA:11,3,1,531
BRDA:11,4,0,535
BRDA:11,4,1,511
BRDA:11,4,2,257
BRDA:11,4,3,104
BRDA:38,5,0,2242
BRDA:38,5,1,2652
BRDA:38,6,0,4894
BRDA:38,6,1,4880
BRDA:42,7,0,535
BRDA:42,7,1,2117
BRDA:46,8,0,1878
BRDA:46,8,1,239
BRDA:51,9,0,800
BRDA:51,9,1,1317
BRDA:56,10,0,1874
BRDA:56,10,1,243
BRDA:87,11,0,4
BRDA:87,11,1,338
BRDA:87,12,0,342
BRDA:87,12,1,328
BRDA:87,12,2,4
BRF:26
BRH:26
end_of_record
TN:
SF:/Users/brendan/projects/sudoku/src/strategies/fish.js
FN:1,(anonymous_0)
FN:2,(anonymous_1)
FN:3,(anonymous_2)
FN:7,(anonymous_3)
FN:8,(anonymous_4)
FN:9,(anonymous_5)
FN:9,(anonymous_6)
FN:18,(anonymous_7)
FN:22,(anonymous_8)
FN:30,(anonymous_9)
FN:32,(anonymous_10)
FN:33,(anonymous_11)
FN:34,(anonymous_12)
FN:39,(anonymous_13)
FN:40,(anonymous_14)
FN:61,(anonymous_15)
FN:66,(anonymous_16)
FN:73,(anonymous_17)
FN:79,(anonymous_18)
FN:110,(anonymous_19)
FN:112,(anonymous_20)
FN:113,(anonymous_21)
FN:114,(anonymous_22)
FN:115,(anonymous_23)
FNF:24
FNH:24
FNDA:165,(anonymous_0)
FNDA:1485,(anonymous_1)
FNDA:13365,(anonymous_2)
FNDA:53,(anonymous_3)
FNDA:240,(anonymous_4)
FNDA:2160,(anonymous_5)
FNDA:670,(anonymous_6)
FNDA:1769,(anonymous_7)
FNDA:20256,(anonymous_8)
FNDA:46,(anonymous_9)
FNDA:3726,(anonymous_10)
FNDA:389,(anonymous_11)
FNDA:116,(anonymous_12)
FNDA:158,(anonymous_13)
FNDA:15986,(anonymous_14)
FNDA:3,(anonymous_15)
FNDA:20,(anonymous_16)
FNDA:240,(anonymous_17)
FNDA:714,(anonymous_18)
FNDA:3,(anonymous_19)
FNDA:243,(anonymous_20)
FNDA:52,(anonymous_21)
FNDA:27,(anonymous_22)
FNDA:6,(anonymous_23)
DA:1,3
DA:2,165
DA:3,13365
DA:7,3
DA:8,53
DA:9,2160
DA:11,240
DA:18,3
DA:19,1769
DA:21,1769
DA:22,20256
DA:23,5339
DA:24,5339
DA:27,1769
DA:30,3
DA:31,46
DA:32,3726
DA:33,389
DA:34,116
DA:36,46
DA:39,3
DA:40,158
DA:41,15986
DA:42,158
DA:45,15828
DA:46,7914
DA:47,1847
DA:50,7914
DA:51,7914
DA:54,15828
DA:57,158
DA:62,3
DA:63,3
DA:67,20
DA:68,165
DA:70,165
DA:71,53
DA:73,240
DA:78,53
DA:79,714
DA:82,158
DA:84,158
DA:85,1769
DA:88,1769
DA:89,46
DA:92,46
DA:93,3
DA:107,17
DA:111,3
DA:112,243
DA:113,52
DA:114,27
DA:116,6
DA:119,3
LF:54
LH:54
BRDA:40,0,0,158
BRDA:40,1,0,158
BRDA:41,2,0,158
BRDA:41,2,1,15828
BRDA:41,3,0,15986
BRDA:41,3,1,872
BRDA:45,4,0,7914
BRDA:45,4,1,7914
BRDA:46,5,0,1847
BRDA:46,5,1,6067
BRDA:70,6,0,53
BRDA:70,6,1,112
BRDA:88,7,0,46
BRDA:88,7,1,1723
BRDA:92,8,0,3
BRDA:92,8,1,43
BRF:16
BRH:16
end_of_record
TN:
SF:/Users/brendan/projects/sudoku/src/strategies/hidden.js
FN:1,(anonymous_0)
FN:2,(anonymous_1)
FN:6,(anonymous_2)
FN:7,(anonymous_3)
FN:28,(anonymous_4)
FN:33,(anonymous_5)
FN:36,(anonymous_6)
FN:42,(anonymous_7)
FN:43,(anonymous_8)
FN:48,(anonymous_9)
FN:67,(anonymous_10)
FN:68,(anonymous_11)
FN:68,(anonymous_12)
FN:69,(anonymous_13)
FNF:14
FNH:14
FNDA:101,(anonymous_0)
FNDA:239,(anonymous_1)
FNDA:1060,(anonymous_2)
FNDA:174796,(anonymous_3)
FNDA:3,(anonymous_4)
FNDA:41,(anonymous_5)
FNDA:3240,(anonymous_6)
FNDA:136499,(anonymous_7)
FNDA:263083,(anonymous_8)
FNDA:13,(anonymous_9)
FNDA:4,(anonymous_10)
FNDA:36,(anonymous_11)
FNDA:13,(anonymous_12)
FNDA:65,(anonymous_13)
DA:1,3
DA:2,239
DA:3,101
DA:6,3
DA:7,1060
DA:8,174796
DA:9,1060
DA:12,173736
DA:13,86868
DA:14,20299
DA:17,86868
DA:18,86868
DA:21,173736
DA:24,1060
DA:29,3
DA:30,3
DA:35,41
DA:36,3240
DA:38,120
DA:39,1060
DA:41,1060
DA:42,20154
DA:43,263083
DA:46,20154
DA:47,101
DA:48,13
DA:49,4
DA:51,4
DA:64,37
DA:68,36
DA:69,13
DA:70,65
DA:72,13
DA:75,4
LF:34
LH:34
BRDA:7,0,0,1060
BRDA:7,1,0,1060
BRDA:8,2,0,1060
BRDA:8,2,1,173736
BRDA:8,3,0,174796
BRDA:8,3,1,6970
BRDA:12,4,0,86868
BRDA:12,4,1,86868
BRDA:13,5,0,20299
BRDA:13,5,1,66569
BRDA:46,6,0,101
BRDA:46,6,1,20053
BRDA:47,7,0,4
BRDA:47,7,1,97
BRF:14
BRH:14
end_of_record
TN:
SF:/Users/brendan/projects/sudoku/src/strategies/hiddenSingle.js
FN:2,(anonymous_0)
FN:7,(anonymous_1)
FN:9,(anonymous_2)
FN:13,(anonymous_3)
FN:29,(anonymous_4)
FNF:5
FNH:5
FNDA:3,(anonymous_0)
FNDA:140,(anonymous_1)
FNDA:3780,(anonymous_2)
FNDA:79794,(anonymous_3)
FNDA:76,(anonymous_4)
DA:3,3
DA:4,3
DA:9,3780
DA:11,140
DA:12,1866
DA:13,79794
DA:15,8866
DA:16,76
DA:26,64
DA:30,76
LF:10
LH:10
BRDA:15,0,0,76
BRDA:15,0,1,8790
BRF:2
BRH:2
end_of_record
TN:
SF:/Users/brendan/projects/sudoku/src/strategies/lockedCandidate.js
FN:6,(anonymous_0)
FN:11,(anonymous_1)
FN:12,(anonymous_2)
FN:19,(anonymous_3)
FN:24,(anonymous_4)
FN:28,(anonymous_5)
FN:44,(anonymous_6)
FN:49,(anonymous_7)
FN:53,(anonymous_8)
FN:66,(anonymous_9)
FN:70,(anonymous_10)
FN:90,(anonymous_11)
FN:92,(anonymous_12)
FN:93,(anonymous_13)
FN:94,(anonymous_14)
FNF:15
FNH:15
FNDA:3,(anonymous_0)
FNDA:37,(anonymous_1)
FNDA:999,(anonymous_2)
FNDA:10251,(anonymous_3)
FNDA:2169,(anonymous_4)
FNDA:33,(anonymous_5)
FNDA:2637,(anonymous_6)
FNDA:549,(anonymous_7)
FNDA:2,(anonymous_8)
FNDA:621,(anonymous_9)
FNDA:2,(anonymous_10)
FNDA:17,(anonymous_11)
FNDA:153,(anonymous_12)
FNDA:116,(anonymous_13)
FNDA:27,(anonymous_14)
DA:7,3
DA:8,3
DA:12,999
DA:14,37
DA:15,374
DA:18,293
DA:19,10251
DA:21,1139
DA:22,1121
DA:23,241
DA:24,2169
DA:26,241
DA:27,15
DA:28,33
DA:29,15
DA:40,278
DA:43,81
DA:44,2637
DA:46,293
DA:47,284
DA:48,61
DA:49,549
DA:51,61
DA:52,1
DA:53,2
DA:54,1
DA:64,283
DA:65,69
DA:66,621
DA:68,69
DA:69,1
DA:70,2
DA:71,1
DA:83,79
DA:87,20
DA:91,17
DA:92,153
DA:93,116
DA:95,27
DA:98,17
LF:40
LH:40
BRDA:15,0,0,169
BRDA:15,0,1,293
BRDA:15,0,2,81
BRDA:21,1,0,1121
BRDA:21,1,1,18
BRDA:22,2,0,241
BRDA:22,2,1,880
BRDA:26,3,0,15
BRDA:26,3,1,226
BRDA:46,4,0,284
BRDA:46,4,1,9
BRDA:47,5,0,61
BRDA:47,5,1,223
BRDA:51,6,0,1
BRDA:51,6,1,60
BRDA:64,7,0,69
BRDA:64,7,1,214
BRDA:68,8,0,1
BRDA:68,8,1,68
BRF:19
BRH:19
end_of_record
TN:
SF:/Users/brendan/projects/sudoku/src/strategies/naked.js
FN:1,(anonymous_0)
FN:3,(anonymous_1)
FN:4,(anonymous_2)
FN:4,(anonymous_3)
FN:9,(anonymous_4)
FN:14,(anonymous_5)
FN:19,(anonymous_6)
FN:23,(anonymous_7)
FN:27,(anonymous_8)
FN:28,(anonymous_9)
FN:31,(anonymous_10)
FN:32,(anonymous_11)
FN:36,(anonymous_12)
FN:56,(anonymous_13)
FN:57,(anonymous_14)
FNF:15
FNH:15
FNDA:336,(anonymous_0)
FNDA:3024,(anonymous_1)
FNDA:2277,(anonymous_2)
FNDA:2201,(anonymous_3)
FNDA:313,(anonymous_4)
FNDA:3,(anonymous_5)
FNDA:64,(anonymous_6)
FNDA:4185,(anonymous_7)
FNDA:17514,(anonymous_8)
FNDA:12132,(anonymous_9)
FNDA:61781,(anonymous_10)
FNDA:83932,(anonymous_11)
FNDA:692,(anonymous_12)
FNDA:23,(anonymous_13)
FNDA:54,(anonymous_14)
DA:1,3
DA:2,336
DA:3,3024
DA:4,2277
DA:6,336
DA:9,3
DA:10,313
DA:15,3
DA:16,3
DA:22,64
DA:23,4185
DA:25,155
DA:26,1946
DA:27,17514
DA:28,12132
DA:30,1946
DA:31,12046
DA:32,83932
DA:35,12046
DA:36,692
DA:37,313
DA:39,313
DA:40,23
DA:53,41
DA:57,23
DA:58,54
DA:61,23
LF:27
LH:27
BRDA:35,0,0,313
BRDA:35,0,1,11733
BRDA:39,1,0,23
BRDA:39,1,1,290
BRF:4
BRH:4
end_of_record
TN:
SF:/Users/brendan/projects/sudoku/src/strategies/nakedSingle.js
FN:1,(anonymous_0)
FN:9,(anonymous_1)
FN:10,(anonymous_2)
FN:10,(anonymous_3)
FN:20,(anonymous_4)
FN:21,(anonymous_5)
FN:33,(anonymous_6)
FN:38,(anonymous_7)
FN:39,(anonymous_8)
FN:52,(anonymous_9)
FNF:10
FNH:10
FNDA:368,(anonymous_0)
FNDA:7884,(anonymous_1)
FNDA:1575,(anonymous_2)
FNDA:1400,(anonymous_3)
FNDA:36477,(anonymous_4)
FNDA:2554,(anonymous_5)
FNDA:3,(anonymous_6)
FNDA:508,(anonymous_7)
FNDA:41148,(anonymous_8)
FNDA:368,(anonymous_9)
DA:1,3
DA:2,368
DA:5,368
DA:6,876
DA:7,876
DA:9,7884
DA:10,1575
DA:11,175
DA:16,193
DA:18,193
DA:19,1737
DA:20,36477
DA:21,2554
DA:24,1737
DA:25,1495
DA:29,193
DA:34,3
DA:35,3
DA:39,41148
DA:41,508
DA:42,368
DA:43,368
DA:44,368
DA:46,368
DA:49,140
DA:53,368
LF:26
LH:26
BRDA:9,0,0,175
BRDA:9,0,1,701
BRDA:24,1,0,1495
BRDA:24,1,1,242
BRDA:41,2,0,368
BRDA:41,2,1,140
BRF:6
BRH:6
end_of_record
